04月03日 15:22:32.980 [U0A P1]占有権解放 S08
04月03日 15:22:32.980 [U0A P1]占有権要求 S08
04月03日 15:22:32.995 [U0A P1]占有権取得 S08
04月03日 15:22:33.433 [U0A P1]SND 08 04 30 31 4B 37 45 52 05
04月03日 15:22:33.964 [U0A P1]RCV 04 30 31 4B 37 45 52 05 02 45 52 30 37 20 20 20 20 20 03 33
04月03日 15:22:33.964 RCV U0A P1 -> S08 04 30 31 4B 37 45 52 05
04月03日 15:22:33.964 RCV U0A P1 -> S08 02 45 52 30 37 20 20 20 20 20 03 33
04月03日 15:22:33.964 [U0A P1]占有権解放 S08
04月03日 15:22:33.964 [U0A P1]占有権要求 S08
04月03日 15:22:33.995 [U0A P1]占有権取得 S08
04月03日 15:22:34.324 [U0A P1]SND 08 04 30 31 4B 37 47 31 05
04月03日 15:22:35.089 [U0A P1]RCV 04 30 31 4B 31 47 31 05 02 47 31 30 03 45
04月03日 15:22:35.105 RCV U0A P1 -> S08 04 30 31 4B 31 47 31 05
04月03日 15:22:35.105 RCV U0A P1 -> S08 02 47 31 30 03 45
04月03日 15:22:35.105 [U0A P1]占有権解放 S08
04月03日 15:22:35.105 [U0A P1]占有権要求 S08
04月03日 15:22:35.120 [U0A P1]占有権取得 S08
04月03日 15:22:35.511 [U0A P1]SND 08 04 30 31 4B 37 4D 31 05
04月03日 15:22:36.105 [U0A P1]RCV 04 30 31 4B 37 4D 31 05 02 4D 31 30 37 20 32 30 2E 30 03 44
04月03日 15:22:36.105 RCV U0A P1 -> S08 04 30 31 4B 37 4D 31 05
04月03日 15:22:36.105 RCV U0A P1 -> S08 02 4D 31 30 37 20 32 30 2E 30 03 44
04月03日 15:22:36.105 [U0A P1]占有権解放 S08
04月03日 15:22:36.105 [U0A P1]占有権要求 S08
04月03日 15:22:36.136 [U0A P1]占有権取得 S08
04月03日 15:22:36.558 [U0A P1]SND 08 04 30 31 4B 37 41 4A 05
04月03日 15:22:37.120 [U0A P1]RCV 04 30 31 4B 37 41 4A 05 02 41 4A 30 37 20 30 30 30 30 03 2F
04月03日 15:22:37.136 RCV U0A P1 -> S08 04 30 31 4B 37 41 4A 05
04月03日 15:22:37.136 RCV U0A P1 -> S08 02 41 4A 30 37 20 30 30 30 30 03 2F
04月03日 15:22:37.136 [U0A P1]占有権解放 S08
04月03日 15:22:37.136 [U0A P1]占有権要求 S08
04月03日 15:22:37.152 [U0A P1]占有権取得 S08
04月03日 15:22:37.636 [U0A P1]SND 08 04 30 31 4B 38 45 52 05
04月03日 15:22:38.245 [U0A P1]RCV 04 30 31 4B 38 45 52 05 02 45 52 30 38 20 20 20 20 20 03 3C
04月03日 15:22:38.245 RCV U0A P1 -> S08 04 30 31 4B 38 45 52 05
04月03日 15:22:38.245 RCV U0A P1 -> S08 02 45 52 30 38 20 20 20 20 20 03 3C
04月03日 15:22:38.245 [U0A P1]占有権解放 S08
04月03日 15:22:38.245 [U0A P1]占有権要求 S08
04月03日 15:22:38.261 [U0A P1]占有権取得 S08
04月03日 15:22:38.714 [U0A P1]SND 08 04 30 31 4B 38 47 31 05
04月03日 15:22:39.370 [U0A P1]RCV 04 30 31 4B 31 47 31 05 02 47 31 30 03 45
04月03日 15:22:39.386 RCV U0A P1 -> S08 04 30 31 4B 31 47 31 05
04月03日 15:22:39.386 RCV U0A P1 -> S08 02 47 31 30 03 45
04月03日 15:22:39.386 [U0A P1]占有権解放 S08
04月03日 15:22:39.386 [U0A P1]占有権要求 S08
04月03日 15:22:39.464 [U0A P1]占有権取得 S08
04月03日 15:22:39.839 [U0A P1]SND 08 04 30 31 4B 38 4D 31 05
04月03日 15:22:40.542 [U0A P1]RCV 04 30 31 4B 38 4D 31 05 02 4D 31 30 38 20 32 30 2E 30 03 4B
04月03日 15:22:40.542 RCV U0A P1 -> S08 04 30 31 4B 38 4D 31 05
04月03日 15:22:40.542 RCV U0A P1 -> S08 02 4D 31 30 38 20 32 30 2E 30 03 4B
04月03日 15:22:40.542 [U0A P1]占有権解放 S08
04月03日 15:22:40.542 [U0A P1]占有権要求 S08
04月03日 15:22:40.574 [U0A P1]占有権取得 S08
04月03日 15:22:41.011 [U0A P1]SND 08 04 30 31 4B 38 41 4A 05
04月03日 15:22:41.558 [U0A P1]RCV 04 30 31 4B 38 41 4A 05 02 41 4A 30 38 20 30 30 30 30 03 20
04月03日 15:22:41.574 RCV U0A P1 -> S08 04 30 31 4B 38 41 4A 05
04月03日 15:22:41.574 RCV U0A P1 -> S08 02 41 4A 30 38 20 30 30 30 30 03 20
04月03日 15:22:41.574 [U0A P1]占有権解放 S08
04月03日 15:22:41.777 [U0A P1]占有権要求 S08
04月03日 15:22:41.792 [U0A P1]占有権取得 S08
04月03日 15:22:42.183 [U0A P1]SND 08 04 30 31 02 53 31 30 31 20 20 30 30 30 30 2E 30 03 7E
04月03日 15:22:42.730 [U0A P1]RCV 04 30 31 02 53 31 30 31 20 20 30 30 30 30 2E 30 03 7E 06 53 31 30 31 20 20 20 20 32 31 2E 32 03 00
04月03日 15:22:42.745 RCV U0A P1 -> S08 04 30 31 02 53 31 30 31 20 20 30 30 30 30 2E 30 03 7E
04月03日 15:22:42.745 RCV U0A P1 -> S08 06
04月03日 15:22:43.042 [U0A P1]SND 08 04
04月03日 15:22:43.042 [U0A P1]占有権解放 S08
04月03日 15:22:43.042 [U0A P1]占有権要求 S08
04月03日 15:22:43.105 [U0A P1]占有権取得 S08
04月03日 15:22:43.152 [U0A P1]RCV S08 53 31 30 31 20 20 20 20 32 31 2E 32 03 00
04月03日 15:22:43.152 [U0A P1]SND 08 04 30 31 02 41 31 30 31 20 20 30 30 30 30 2E 30 03 6C
04月03日 15:22:45.714 [U0A P1]SND 08 04 30 31 02 41 31 30 31 20 20 30 30 30 30 2E 30 03 6C
04月03日 15:22:46.402 [U0A P1]RCV 04 30 31 02 41 31 30 31 20 20 30 30 30 30 2E 30 03 6C 06 41 31 30 31 20 20 20 20 20 20 35 30 03 00
04月03日 15:22:46.402 RCV U0A P1 -> S08 04 30 31 02 41 31 30 31 20 20 30 30 30 30 2E 30 03 6C
04月03日 15:22:46.402 RCV U0A P1 -> S08 06
04月03日 15:22:46.605 [U0A P1]SND 08 04
04月03日 15:22:46.605 [U0A P1]占有権解放 S08
04月03日 15:22:46.605 [U0A P1]占有権要求 S08
04月03日 15:22:46.667 [U0A P1]占有権取得 S08
04月03日 15:22:46.699 [U0A P1]RCV S08 41 31 30 31 20 20 20 20 20 20 35 30 03 00
04月03日 15:22:46.699 [U0A P1]SND 08 04 30 31 02 41 32 30 31 20 20 30 30 30 30 2E 30 03 6F
04月03日 15:22:49.230 [U0A P1]SND 08 04 30 31 02 41 32 30 31 20 20 30 30 30 30 2E 30 03 6F
04月03日 15:22:49.777 [U0A P1]RCV 04 30 31 02 41 32 30 31 20 20 30 30 30 30 2E 30 03 6F 06 41 32 30 31 20 20 20 20 20 20 35 30 03 00
04月03日 15:22:49.792 RCV U0A P1 -> S08 04 30 31 02 41 32 30 31 20 20 30 30 30 30 2E 30 03 6F
04月03日 15:22:49.792 RCV U0A P1 -> S08 06
04月03日 15:22:50.136 [U0A P1]SND 08 04
04月03日 15:22:50.136 [U0A P1]占有権解放 S08
04月03日 15:22:50.136 [U0A P1]占有権要求 S08
04月03日 15:22:50.152 [U0A P1]占有権取得 S08
04月03日 15:22:50.245 [U0A P1]RCV S08 41 32 30 31 20 20 20 20 20 20 35 30 03 00
04月03日 15:22:50.245 [U0A P1]SND 08 04 30 31 02 4A 31 30 31 20 30 03 69
04月03日 15:22:52.870 [U0A P1]SND 08 04 30 31 02 4A 31 30 31 20 30 03 69
04月03日 15:22:54.355 [U0A P1]RCV 04 30 31 02 4A 31 30 31 20 30 03 69 06 03 69 06 4A 31 30 31 20 31 03 68
04月03日 15:22:54.370 RCV U0A P1 -> S08 04
04月03日 15:22:55.277 [U0A P1]SND 08 04
04月03日 15:22:55.277 [U0A P1]占有権解放 S08
