03月30日 13:18:27.312 I X0041 0 -> 1
03月30日 13:18:27.312 I X004F 0 -> 1
03月30日 13:18:27.312 BUF I U4G01664 -> 0(0x0000)
03月30日 13:18:27.312 BUF I U4G01665 -> 0(0x0000)
03月30日 13:20:23.484 CC O U4S18O05 -> 1
03月30日 13:20:23.484 CC O U4S18O04 -> 0
03月30日 13:20:23.484 CC O U4S18O06 -> 1
03月30日 13:20:23.484 CC O U4S18O07 -> 0
03月30日 13:20:23.593 CC O U4S18O09 -> 1
03月30日 13:20:23.593 CC O U4S18O08 -> 0
03月30日 13:20:23.593 CC O U4S18O0A -> 1
03月30日 13:20:23.593 CC O U4S18O0B -> 0
03月30日 13:20:23.718 CC O U4S18O0D -> 1
03月30日 13:20:23.718 CC O U4S18O0C -> 0
03月30日 13:20:23.718 CC O U4S18O0E -> 1
03月30日 13:20:23.718 CC O U4S18O0F -> 0
03月30日 13:20:23.843 CC O U4S1AO01 -> 1
03月30日 13:20:23.843 CC O U4S1AO00 -> 0
03月30日 13:20:23.968 CC O U4S1AO05 -> 1
03月30日 13:20:23.968 CC O U4S1AO04 -> 0
03月30日 13:20:23.968 CC O U4S1AO06 -> 1
03月30日 13:20:23.968 CC O U4S1AO07 -> 0
03月30日 13:20:24.562 CC O U4S1AO09 -> 1
03月30日 13:20:24.562 CC O U4S1AO08 -> 0
03月30日 13:20:24.562 CC O U4S1AO0A -> 1
03月30日 13:20:24.562 CC O U4S1AO0B -> 0
03月30日 13:20:24.687 CC O U4S1AO0D -> 1
03月30日 13:20:24.687 CC O U4S1AO0C -> 0
03月30日 13:20:24.687 CC O U4S1AO0E -> 1
03月30日 13:20:24.687 CC O U4S1AO0F -> 0
03月30日 13:20:24.796 CC O U4S1CO01 -> 1
03月30日 13:20:24.796 CC O U4S1CO00 -> 0
03月30日 13:20:24.921 CC O U4S1CO05 -> 1
03月30日 13:20:24.921 CC O U4S1CO04 -> 0
03月30日 13:20:24.921 CC O U4S1CO06 -> 1
03月30日 13:20:24.921 CC O U4S1CO07 -> 0
03月30日 13:20:25.046 CC O U4S1CO09 -> 1
03月30日 13:20:25.046 CC O U4S1CO08 -> 0
03月30日 13:20:25.046 CC O U4S1CO0A -> 1
03月30日 13:20:25.046 CC O U4S1CO0B -> 0
03月30日 13:20:25.218 CC O U4S18O01 -> 1
03月30日 13:20:25.218 CC O U4S18O00 -> 0
03月30日 13:23:39.203 CC O U4S18O01 1 -> 0
03月30日 13:23:39.203 CC O U4S18O00 0 -> 1
03月30日 13:26:01.656 ***** StartLogging IO.log *****
03月30日 13:26:02.828 シミュレータと接続されました。
03月30日 13:26:03.421 I X0040 -> 0
03月30日 13:26:03.421 I X0041 -> 1
03月30日 13:26:03.484 I X004F -> 1
03月30日 13:26:03.531 BUF I U4G01664 -> 0(0x0000)
03月30日 13:26:03.593 BUF I U4G01665 -> 0(0x0000)
03月30日 13:34:59.187 CC O U4S18O05 -> 1
03月30日 13:34:59.187 CC O U4S18O04 -> 0
03月30日 13:34:59.187 CC O U4S18O06 -> 1
03月30日 13:34:59.187 CC O U4S18O07 -> 0
03月30日 13:34:59.296 CC O U4S18O09 -> 1
03月30日 13:34:59.296 CC O U4S18O08 -> 0
03月30日 13:34:59.296 CC O U4S18O0A -> 1
03月30日 13:34:59.296 CC O U4S18O0B -> 0
03月30日 13:34:59.421 CC O U4S18O0D -> 1
03月30日 13:34:59.421 CC O U4S18O0C -> 0
03月30日 13:34:59.421 CC O U4S18O0E -> 1
03月30日 13:34:59.421 CC O U4S18O0F -> 0
03月30日 13:34:59.484 CC O U4S1AO01 -> 1
03月30日 13:34:59.484 CC O U4S1AO00 -> 0
03月30日 13:34:59.593 CC O U4S1AO05 -> 1
03月30日 13:34:59.593 CC O U4S1AO04 -> 0
03月30日 13:34:59.593 CC O U4S1AO06 -> 1
03月30日 13:34:59.593 CC O U4S1AO07 -> 0
03月30日 13:34:59.718 CC O U4S1AO09 -> 1
03月30日 13:34:59.718 CC O U4S1AO08 -> 0
03月30日 13:34:59.718 CC O U4S1AO0A -> 1
03月30日 13:34:59.718 CC O U4S1AO0B -> 0
03月30日 13:34:59.843 CC O U4S1AO0D -> 1
03月30日 13:34:59.843 CC O U4S1AO0C -> 0
03月30日 13:34:59.843 CC O U4S1AO0E -> 1
03月30日 13:34:59.843 CC O U4S1AO0F -> 0
03月30日 13:34:59.906 CC O U4S1CO01 -> 1
03月30日 13:34:59.906 CC O U4S1CO00 -> 0
03月30日 13:35:00.015 CC O U4S1CO05 -> 1
03月30日 13:35:00.015 CC O U4S1CO04 -> 0
03月30日 13:35:00.015 CC O U4S1CO06 -> 1
03月30日 13:35:00.015 CC O U4S1CO07 -> 0
03月30日 13:35:00.140 CC O U4S1CO09 -> 1
03月30日 13:35:00.140 CC O U4S1CO08 -> 0
03月30日 13:35:00.140 CC O U4S1CO0A -> 1
03月30日 13:35:00.140 CC O U4S1CO0B -> 0
03月30日 13:35:00.312 CC O U4S18O01 -> 1
03月30日 13:35:00.312 CC O U4S18O00 -> 0
03月30日 13:44:25.265 ***** StartLogging IO.log *****
03月30日 13:44:25.625 シミュレータと接続されました。
03月30日 13:44:26.265 I X0040 -> 0
03月30日 13:44:26.265 I X0041 -> 1
03月30日 13:44:26.265 I X004F -> 1
03月30日 13:44:26.265 BUF I U4G01664 -> 0(0x0000)
03月30日 13:44:26.265 BUF I U4G01665 -> 0(0x0000)
03月30日 13:46:14.281 CC O U4S1AO05 -> 1
03月30日 13:46:14.281 CC O U4S1AO04 -> 0
03月30日 13:46:14.281 CC O U4S1AO06 -> 1
03月30日 13:46:14.281 CC O U4S1AO07 -> 0
03月30日 13:46:14.406 CC O U4S1AO09 -> 1
03月30日 13:46:14.406 CC O U4S1AO08 -> 0
03月30日 13:46:14.406 CC O U4S1AO0A -> 1
03月30日 13:46:14.406 CC O U4S1AO0B -> 0
03月30日 13:46:14.515 CC O U4S1AO0D -> 1
03月30日 13:46:14.515 CC O U4S1AO0C -> 0
03月30日 13:46:14.515 CC O U4S1AO0E -> 1
03月30日 13:46:14.515 CC O U4S1AO0F -> 0
03月30日 13:46:14.640 CC O U4S1CO01 -> 1
03月30日 13:46:14.640 CC O U4S1CO00 -> 0
03月30日 13:46:14.703 CC O U4S1CO05 -> 1
03月30日 13:46:14.703 CC O U4S1CO04 -> 0
03月30日 13:46:14.703 CC O U4S1CO06 -> 1
03月30日 13:46:14.703 CC O U4S1CO07 -> 0
03月30日 13:46:14.828 CC O U4S1CO09 -> 1
03月30日 13:46:14.828 CC O U4S1CO08 -> 0
03月30日 13:46:14.828 CC O U4S1CO0A -> 1
03月30日 13:46:14.828 CC O U4S1CO0B -> 0
03月30日 13:46:15.062 CC O U4S18O01 -> 1
03月30日 13:46:15.062 CC O U4S18O00 -> 0
03月30日 13:46:15.187 CC O U4S18O05 -> 1
03月30日 13:46:15.187 CC O U4S18O04 -> 0
03月30日 13:46:15.187 CC O U4S18O06 -> 1
03月30日 13:46:15.187 CC O U4S18O07 -> 0
03月30日 13:46:15.296 CC O U4S18O09 -> 1
03月30日 13:46:15.296 CC O U4S18O08 -> 0
03月30日 13:46:15.296 CC O U4S18O0A -> 1
03月30日 13:46:15.296 CC O U4S18O0B -> 0
03月30日 13:46:15.359 CC O U4S18O0D -> 1
03月30日 13:46:15.359 CC O U4S18O0C -> 0
03月30日 13:46:15.359 CC O U4S18O0E -> 1
03月30日 13:46:15.359 CC O U4S18O0F -> 0
03月30日 13:46:15.484 CC O U4S1AO01 -> 1
03月30日 13:46:15.484 CC O U4S1AO00 -> 0
03月30日 13:48:33.234 CC O U4S18O01 1 -> 0
03月30日 13:48:33.234 CC O U4S18O00 0 -> 1
03月30日 13:49:31.921 CC O U4S1AO01 1 -> 0
03月30日 13:49:31.921 CC O U4S1AO00 0 -> 1
03月30日 13:54:20.687 I X0041 1 -> 0
03月30日 13:54:20.687 I X004F 1 -> 0
03月30日 13:54:20.718 シミュレータとの接続が切れました。
03月30日 14:01:24.062 ***** StartLogging IO.log *****
03月30日 14:01:25.078 I X0040 -> 0
03月30日 14:01:25.078 I X0041 -> 0
03月30日 14:01:25.078 I X004F -> 0
03月30日 14:01:36.250 シミュレータと接続されました。
03月30日 14:01:37.578 I X0041 0 -> 1
03月30日 14:01:37.578 I X004F 0 -> 1
03月30日 14:01:37.578 BUF I U4G01664 -> 0(0x0000)
03月30日 14:01:37.578 BUF I U4G01665 -> 0(0x0000)
03月30日 14:02:52.640 CC O U4S1CO09 -> 1
03月30日 14:02:52.640 CC O U4S1CO08 -> 0
03月30日 14:02:52.640 CC O U4S1CO0A -> 1
03月30日 14:02:52.640 CC O U4S1CO0B -> 0
03月30日 14:02:52.890 CC O U4S18O01 -> 1
03月30日 14:02:52.890 CC O U4S18O00 -> 0
03月30日 14:02:53.000 CC O U4S18O05 -> 1
03月30日 14:02:53.000 CC O U4S18O04 -> 0
03月30日 14:02:53.000 CC O U4S18O06 -> 1
03月30日 14:02:53.000 CC O U4S18O07 -> 0
03月30日 14:02:53.062 CC O U4S18O09 -> 1
03月30日 14:02:53.062 CC O U4S18O08 -> 0
03月30日 14:02:53.062 CC O U4S18O0A -> 1
03月30日 14:02:53.062 CC O U4S18O0B -> 0
03月30日 14:02:53.187 CC O U4S18O0D -> 1
03月30日 14:02:53.187 CC O U4S18O0C -> 0
03月30日 14:02:53.187 CC O U4S18O0E -> 1
03月30日 14:02:53.187 CC O U4S18O0F -> 0
03月30日 14:02:53.296 CC O U4S1AO01 -> 1
03月30日 14:02:53.296 CC O U4S1AO00 -> 0
03月30日 14:02:53.421 CC O U4S1AO05 -> 1
03月30日 14:02:53.421 CC O U4S1AO04 -> 0
03月30日 14:02:53.421 CC O U4S1AO06 -> 1
03月30日 14:02:53.421 CC O U4S1AO07 -> 0
03月30日 14:02:53.546 CC O U4S1AO09 -> 1
03月30日 14:02:53.546 CC O U4S1AO08 -> 0
03月30日 14:02:53.546 CC O U4S1AO0A -> 1
03月30日 14:02:53.546 CC O U4S1AO0B -> 0
03月30日 14:02:53.609 CC O U4S1AO0D -> 1
03月30日 14:02:53.609 CC O U4S1AO0C -> 0
03月30日 14:02:53.609 CC O U4S1AO0E -> 1
03月30日 14:02:53.609 CC O U4S1AO0F -> 0
03月30日 14:02:53.718 CC O U4S1CO01 -> 1
03月30日 14:02:53.718 CC O U4S1CO00 -> 0
03月30日 14:02:53.843 CC O U4S1CO05 -> 1
03月30日 14:02:53.843 CC O U4S1CO04 -> 0
03月30日 14:02:53.843 CC O U4S1CO06 -> 1
03月30日 14:02:53.843 CC O U4S1CO07 -> 0
03月30日 14:04:17.781 CC O U4S18O01 1 -> 0
03月30日 14:04:17.781 CC O U4S18O00 0 -> 1
03月30日 14:10:02.906 ***** StartLogging IO.log *****
03月30日 14:10:04.062 I X0040 -> 0
03月30日 14:10:04.062 I X0041 -> 0
03月30日 14:10:04.062 I X004F -> 0
03月30日 14:10:09.296 シミュレータと接続されました。
03月30日 14:10:10.531 I X0041 0 -> 1
03月30日 14:10:10.531 I X004F 0 -> 1
03月30日 14:10:10.531 BUF I U4G01664 -> 0(0x0000)
03月30日 14:10:10.531 BUF I U4G01665 -> 0(0x0000)
03月30日 14:17:26.328 CC O U4S1CO05 -> 1
03月30日 14:17:26.328 CC O U4S1CO04 -> 0
03月30日 14:17:26.328 CC O U4S1CO06 -> 1
03月30日 14:17:26.328 CC O U4S1CO07 -> 0
03月30日 14:17:26.453 CC O U4S1CO09 -> 1
03月30日 14:17:26.453 CC O U4S1CO08 -> 0
03月30日 14:17:26.453 CC O U4S1CO0A -> 1
03月30日 14:17:26.453 CC O U4S1CO0B -> 0
03月30日 14:17:26.687 CC O U4S18O01 -> 1
03月30日 14:17:26.687 CC O U4S18O00 -> 0
03月30日 14:17:26.750 CC O U4S18O05 -> 1
03月30日 14:17:26.750 CC O U4S18O04 -> 0
03月30日 14:17:26.750 CC O U4S18O06 -> 1
03月30日 14:17:26.750 CC O U4S18O07 -> 0
03月30日 14:17:26.875 CC O U4S18O09 -> 1
03月30日 14:17:26.875 CC O U4S18O08 -> 0
03月30日 14:17:26.875 CC O U4S18O0A -> 1
03月30日 14:17:26.875 CC O U4S18O0B -> 0
03月30日 14:17:26.984 CC O U4S18O0D -> 1
03月30日 14:17:26.984 CC O U4S18O0C -> 0
03月30日 14:17:26.984 CC O U4S18O0E -> 1
03月30日 14:17:26.984 CC O U4S18O0F -> 0
03月30日 14:17:27.109 CC O U4S1AO01 -> 1
03月30日 14:17:27.109 CC O U4S1AO00 -> 0
03月30日 14:17:27.171 CC O U4S1AO05 -> 1
03月30日 14:17:27.171 CC O U4S1AO04 -> 0
03月30日 14:17:27.171 CC O U4S1AO06 -> 1
03月30日 14:17:27.171 CC O U4S1AO07 -> 0
03月30日 14:17:27.281 CC O U4S1AO09 -> 1
03月30日 14:17:27.281 CC O U4S1AO08 -> 0
03月30日 14:17:27.281 CC O U4S1AO0A -> 1
03月30日 14:17:27.281 CC O U4S1AO0B -> 0
03月30日 14:17:27.406 CC O U4S1AO0D -> 1
03月30日 14:17:27.406 CC O U4S1AO0C -> 0
03月30日 14:17:27.406 CC O U4S1AO0E -> 1
03月30日 14:17:27.406 CC O U4S1AO0F -> 0
03月30日 14:17:27.531 CC O U4S1CO01 -> 1
03月30日 14:17:27.531 CC O U4S1CO00 -> 0
03月30日 14:19:50.750 CC O U4S18O01 1 -> 0
03月30日 14:19:50.750 CC O U4S18O00 0 -> 1
03月30日 14:22:59.937 ***** StartLogging IO.log *****
03月30日 14:23:00.781 シミュレータと接続されました。
03月30日 14:23:01.750 I X0040 -> 0
03月30日 14:23:01.812 I X0041 -> 1
03月30日 14:23:01.812 I X004F -> 1
03月30日 14:23:01.812 BUF I U4G01664 -> 0(0x0000)
03月30日 14:23:01.812 BUF I U4G01665 -> 0(0x0000)
03月30日 14:24:17.046 CC O U4S18O05 -> 1
03月30日 14:24:17.046 CC O U4S18O04 -> 0
03月30日 14:24:17.046 CC O U4S18O06 -> 1
03月30日 14:24:17.046 CC O U4S18O07 -> 0
03月30日 14:24:17.109 CC O U4S18O09 -> 1
03月30日 14:24:17.109 CC O U4S18O08 -> 0
03月30日 14:24:17.109 CC O U4S18O0A -> 1
03月30日 14:24:17.109 CC O U4S18O0B -> 0
03月30日 14:24:17.218 CC O U4S18O0D -> 1
03月30日 14:24:17.218 CC O U4S18O0C -> 0
03月30日 14:24:17.218 CC O U4S18O0E -> 1
03月30日 14:24:17.218 CC O U4S18O0F -> 0
03月30日 14:24:17.343 CC O U4S1AO01 -> 1
03月30日 14:24:17.343 CC O U4S1AO00 -> 0
03月30日 14:24:17.468 CC O U4S1AO05 -> 1
03月30日 14:24:17.468 CC O U4S1AO04 -> 0
03月30日 14:24:17.468 CC O U4S1AO06 -> 1
03月30日 14:24:17.468 CC O U4S1AO07 -> 0
03月30日 14:24:17.531 CC O U4S1AO09 -> 1
03月30日 14:24:17.531 CC O U4S1AO08 -> 0
03月30日 14:24:17.531 CC O U4S1AO0A -> 1
03月30日 14:24:17.531 CC O U4S1AO0B -> 0
03月30日 14:24:17.640 CC O U4S1AO0D -> 1
03月30日 14:24:17.640 CC O U4S1AO0C -> 0
03月30日 14:24:17.640 CC O U4S1AO0E -> 1
03月30日 14:24:17.640 CC O U4S1AO0F -> 0
03月30日 14:24:17.781 CC O U4S1CO01 -> 1
03月30日 14:24:17.781 CC O U4S1CO00 -> 0
03月30日 14:24:17.890 CC O U4S1CO05 -> 1
03月30日 14:24:17.890 CC O U4S1CO04 -> 0
03月30日 14:24:17.890 CC O U4S1CO06 -> 1
03月30日 14:24:17.890 CC O U4S1CO07 -> 0
03月30日 14:24:18.000 CC O U4S1CO09 -> 1
03月30日 14:24:18.000 CC O U4S1CO08 -> 0
03月30日 14:24:18.000 CC O U4S1CO0A -> 1
03月30日 14:24:18.000 CC O U4S1CO0B -> 0
03月30日 14:24:18.187 CC O U4S18O01 -> 1
03月30日 14:24:18.187 CC O U4S18O00 -> 0
03月30日 14:26:06.421 CC O U4S18O01 1 -> 0
03月30日 14:26:06.421 CC O U4S18O00 0 -> 1
03月30日 14:27:12.921 I X0041 1 -> 0
03月30日 14:27:12.921 I X004F 1 -> 0
03月30日 14:27:13.031 シミュレータとの接続が切れました。
03月30日 14:28:35.750 ***** StartLogging IO.log *****
03月30日 14:28:36.968 I X0040 -> 0
03月30日 14:28:36.968 I X0041 -> 0
03月30日 14:28:36.968 I X004F -> 0
03月30日 14:28:45.156 シミュレータと接続されました。
03月30日 14:28:45.906 I X0041 0 -> 1
03月30日 14:28:45.906 I X004F 0 -> 1
03月30日 14:28:45.906 BUF I U4G01664 -> 0(0x0000)
03月30日 14:28:45.906 BUF I U4G01665 -> 0(0x0000)
03月30日 14:29:52.531 CC O U4S1AO01 -> 1
03月30日 14:29:52.531 CC O U4S1AO00 -> 0
03月30日 14:29:52.656 CC O U4S1AO05 -> 1
03月30日 14:29:52.656 CC O U4S1AO04 -> 0
03月30日 14:29:52.656 CC O U4S1AO06 -> 1
03月30日 14:29:52.656 CC O U4S1AO07 -> 0
03月30日 14:29:52.781 CC O U4S1AO09 -> 1
03月30日 14:29:52.781 CC O U4S1AO08 -> 0
03月30日 14:29:52.781 CC O U4S1AO0A -> 1
03月30日 14:29:52.781 CC O U4S1AO0B -> 0
03月30日 14:29:52.890 CC O U4S1AO0D -> 1
03月30日 14:29:52.890 CC O U4S1AO0C -> 0
03月30日 14:29:52.890 CC O U4S1AO0E -> 1
03月30日 14:29:52.890 CC O U4S1AO0F -> 0
03月30日 14:29:53.015 CC O U4S1CO01 -> 1
03月30日 14:29:53.015 CC O U4S1CO00 -> 0
03月30日 14:29:53.078 CC O U4S1CO05 -> 1
03月30日 14:29:53.078 CC O U4S1CO04 -> 0
03月30日 14:29:53.078 CC O U4S1CO06 -> 1
03月30日 14:29:53.078 CC O U4S1CO07 -> 0
03月30日 14:29:53.203 CC O U4S1CO09 -> 1
03月30日 14:29:53.203 CC O U4S1CO08 -> 0
03月30日 14:29:53.203 CC O U4S1CO0A -> 1
03月30日 14:29:53.203 CC O U4S1CO0B -> 0
03月30日 14:29:53.437 CC O U4S18O01 -> 1
03月30日 14:29:53.437 CC O U4S18O00 -> 0
03月30日 14:29:53.562 CC O U4S18O05 -> 1
03月30日 14:29:53.562 CC O U4S18O04 -> 0
03月30日 14:29:53.562 CC O U4S18O06 -> 1
03月30日 14:29:53.562 CC O U4S18O07 -> 0
03月30日 14:29:53.921 CC O U4S18O09 -> 1
03月30日 14:29:53.921 CC O U4S18O08 -> 0
03月30日 14:29:53.921 CC O U4S18O0A -> 1
03月30日 14:29:53.921 CC O U4S18O0B -> 0
03月30日 14:29:54.031 CC O U4S18O0D -> 1
03月30日 14:29:54.031 CC O U4S18O0C -> 0
03月30日 14:29:54.031 CC O U4S18O0E -> 1
03月30日 14:29:54.031 CC O U4S18O0F -> 0
03月30日 14:46:01.671 ***** StartLogging IO.log *****
03月30日 14:46:02.218 シミュレータと接続されました。
03月30日 14:46:02.781 I X0040 -> 0
03月30日 14:46:02.781 I X0041 -> 1
03月30日 14:46:02.781 I X004F -> 1
03月30日 14:46:02.781 BUF I U4G01664 -> 0(0x0000)
03月30日 14:46:02.781 BUF I U4G01665 -> 0(0x0000)
03月30日 15:02:01.234 ***** StartLogging IO.log *****
03月30日 15:02:02.078 シミュレータと接続されました。
03月30日 15:02:02.375 I X0040 -> 0
03月30日 15:02:02.375 I X0041 -> 1
03月30日 15:02:02.375 I X004F -> 1
03月30日 15:02:02.375 BUF I U4G01664 -> 0(0x0000)
03月30日 15:02:02.375 BUF I U4G01665 -> 0(0x0000)
03月30日 15:15:39.062 ***** StartLogging IO.log *****
03月30日 15:15:39.453 シミュレータと接続されました。
03月30日 15:15:40.296 I X0040 -> 0
03月30日 15:15:40.296 I X0041 -> 1
03月30日 15:15:40.296 I X004F -> 1
03月30日 15:15:40.296 BUF I U4G01664 -> 0(0x0000)
03月30日 15:15:40.296 BUF I U4G01665 -> 0(0x0000)
03月30日 15:22:52.015 CC O U4S1CO09 -> 1
03月30日 15:22:52.015 CC O U4S1CO08 -> 0
03月30日 15:22:52.015 CC O U4S1CO0A -> 1
03月30日 15:22:52.015 CC O U4S1CO0B -> 0
03月30日 15:22:52.250 CC O U4S18O01 -> 1
03月30日 15:22:52.250 CC O U4S18O00 -> 0
03月30日 15:22:52.312 CC O U4S18O05 -> 1
03月30日 15:22:52.312 CC O U4S18O04 -> 0
03月30日 15:22:52.312 CC O U4S18O06 -> 1
03月30日 15:22:52.312 CC O U4S18O07 -> 0
03月30日 15:22:52.421 CC O U4S18O09 -> 1
03月30日 15:22:52.421 CC O U4S18O08 -> 0
03月30日 15:22:52.421 CC O U4S18O0A -> 1
03月30日 15:22:52.421 CC O U4S18O0B -> 0
03月30日 15:22:52.546 CC O U4S18O0D -> 1
03月30日 15:22:52.546 CC O U4S18O0C -> 0
03月30日 15:22:52.546 CC O U4S18O0E -> 1
03月30日 15:22:52.546 CC O U4S18O0F -> 0
03月30日 15:22:52.609 CC O U4S1AO01 -> 1
03月30日 15:22:52.609 CC O U4S1AO00 -> 0
03月30日 15:22:52.718 CC O U4S1AO05 -> 1
03月30日 15:22:52.718 CC O U4S1AO04 -> 0
03月30日 15:22:52.718 CC O U4S1AO06 -> 1
03月30日 15:22:52.718 CC O U4S1AO07 -> 0
03月30日 15:22:52.843 CC O U4S1AO09 -> 1
03月30日 15:22:52.843 CC O U4S1AO08 -> 0
03月30日 15:22:52.843 CC O U4S1AO0A -> 1
03月30日 15:22:52.843 CC O U4S1AO0B -> 0
03月30日 15:22:52.906 CC O U4S1AO0D -> 1
03月30日 15:22:52.906 CC O U4S1AO0C -> 0
03月30日 15:22:52.906 CC O U4S1AO0E -> 1
03月30日 15:22:52.906 CC O U4S1AO0F -> 0
03月30日 15:22:53.031 CC O U4S1CO01 -> 1
03月30日 15:22:53.031 CC O U4S1CO00 -> 0
03月30日 15:22:53.140 CC O U4S1CO05 -> 1
03月30日 15:22:53.140 CC O U4S1CO04 -> 0
03月30日 15:22:53.140 CC O U4S1CO06 -> 1
03月30日 15:22:53.140 CC O U4S1CO07 -> 0
03月30日 15:28:26.500 CC O U4S18O01 1 -> 0
03月30日 15:28:26.500 CC O U4S18O00 0 -> 1
03月30日 15:42:08.921 CC O U4S18O05 1 -> 0
03月30日 15:42:08.921 CC O U4S18O04 0 -> 1
03月30日 16:08:36.875 ***** StartLogging IO.log *****
03月30日 16:08:37.765 シミュレータと接続されました。
03月30日 16:08:38.687 I X0040 -> 0
03月30日 16:08:38.687 I X0041 -> 1
03月30日 16:08:38.812 I X004F -> 1
03月30日 16:08:38.859 BUF I U4G01664 -> 0(0x0000)
03月30日 16:08:38.859 BUF I U4G01665 -> 0(0x0000)
03月30日 16:16:27.765 CC O U4S18O01 -> 1
03月30日 16:16:27.765 CC O U4S18O00 -> 0
03月30日 16:25:33.484 ***** StartLogging IO.log *****
03月30日 16:25:33.765 シミュレータと接続されました。
03月30日 16:25:34.781 I X0040 -> 0
03月30日 16:25:34.781 I X0041 -> 1
03月30日 16:25:34.781 I X004F -> 1
03月30日 16:25:34.781 BUF I U4G01664 -> 0(0x0000)
03月30日 16:25:34.781 BUF I U4G01665 -> 0(0x0000)
03月30日 16:28:24.093 CC O U4S1AO09 -> 1
03月30日 16:28:24.093 CC O U4S1AO08 -> 0
03月30日 16:28:24.093 CC O U4S1AO0A -> 1
03月30日 16:28:24.093 CC O U4S1AO0B -> 0
03月30日 16:28:24.156 CC O U4S1AO0D -> 1
03月30日 16:28:24.156 CC O U4S1AO0C -> 0
03月30日 16:28:24.156 CC O U4S1AO0E -> 1
03月30日 16:28:24.156 CC O U4S1AO0F -> 0
03月30日 16:28:24.265 CC O U4S1CO01 -> 1
03月30日 16:28:24.265 CC O U4S1CO00 -> 0
03月30日 16:28:24.390 CC O U4S1CO05 -> 1
03月30日 16:28:24.390 CC O U4S1CO04 -> 0
03月30日 16:28:24.390 CC O U4S1CO06 -> 1
03月30日 16:28:24.390 CC O U4S1CO07 -> 0
03月30日 16:28:24.515 CC O U4S1CO09 -> 1
03月30日 16:28:24.515 CC O U4S1CO08 -> 0
03月30日 16:28:24.515 CC O U4S1CO0A -> 1
03月30日 16:28:24.515 CC O U4S1CO0B -> 0
03月30日 16:28:24.687 CC O U4S18O01 -> 1
03月30日 16:28:24.687 CC O U4S18O00 -> 0
03月30日 16:28:24.812 CC O U4S18O05 -> 1
03月30日 16:28:24.812 CC O U4S18O04 -> 0
03月30日 16:28:24.812 CC O U4S18O06 -> 1
03月30日 16:28:24.812 CC O U4S18O07 -> 0
03月30日 16:28:24.937 CC O U4S18O09 -> 1
03月30日 16:28:24.937 CC O U4S18O08 -> 0
03月30日 16:28:24.937 CC O U4S18O0A -> 1
03月30日 16:28:24.937 CC O U4S18O0B -> 0
03月30日 16:28:25.046 CC O U4S18O0D -> 1
03月30日 16:28:25.046 CC O U4S18O0C -> 0
03月30日 16:28:25.046 CC O U4S18O0E -> 1
03月30日 16:28:25.046 CC O U4S18O0F -> 0
03月30日 16:28:25.109 CC O U4S1AO01 -> 1
03月30日 16:28:25.109 CC O U4S1AO00 -> 0
03月30日 16:28:25.234 CC O U4S1AO05 -> 1
03月30日 16:28:25.234 CC O U4S1AO04 -> 0
03月30日 16:28:25.234 CC O U4S1AO06 -> 1
03月30日 16:28:25.234 CC O U4S1AO07 -> 0
03月30日 16:31:26.375 CC O U4S18O05 1 -> 0
03月30日 16:31:26.375 CC O U4S18O04 0 -> 1
03月30日 16:34:35.468 ***** StartLogging IO.log *****
03月30日 16:34:35.781 シミュレータと接続されました。
03月30日 16:34:36.734 I X0040 -> 0
03月30日 16:34:36.734 I X0041 -> 1
03月30日 16:34:36.734 I X004F -> 1
03月30日 16:34:36.734 BUF I U4G01664 -> 0(0x0000)
03月30日 16:34:36.734 BUF I U4G01665 -> 0(0x0000)
03月30日 16:51:12.328 ***** StartLogging IO.log *****
03月30日 16:51:12.937 シミュレータと接続されました。
03月30日 16:51:13.593 I X0040 -> 0
03月30日 16:51:13.593 I X0041 -> 1
03月30日 16:51:13.593 I X004F -> 1
03月30日 16:51:13.593 BUF I U4G01664 -> 0(0x0000)
03月30日 16:51:13.687 BUF I U4G01665 -> 0(0x0000)
03月30日 16:56:29.812 CC O U4S18O06 -> 1
03月30日 16:56:29.812 CC O U4S18O07 -> 0
03月30日 16:56:34.859 CC O U4S18O05 -> 1
03月30日 16:56:34.859 CC O U4S18O04 -> 0
03月30日 16:56:40.968 CC O U4S18O05 1 -> 0
03月30日 16:56:40.968 CC O U4S18O04 0 -> 1
03月30日 16:56:47.031 CC O U4S18O06 1 -> 0
03月30日 16:56:47.031 CC O U4S18O07 0 -> 1
03月30日 16:59:26.734 ***** StartLogging IO.log *****
03月30日 16:59:27.515 シミュレータと接続されました。
03月30日 16:59:28.609 I X0040 -> 0
03月30日 16:59:28.765 I X0041 -> 1
03月30日 16:59:28.765 I X004F -> 1
03月30日 16:59:28.781 BUF I U4G01664 -> 0(0x0000)
03月30日 16:59:28.781 BUF I U4G01665 -> 0(0x0000)
03月30日 17:02:34.703 CC O U4S18O09 -> 1
03月30日 17:02:34.703 CC O U4S18O08 -> 0
03月30日 17:02:34.703 CC O U4S18O0A -> 1
03月30日 17:02:34.718 CC O U4S18O0B -> 0
03月30日 17:02:34.750 CC O U4S18O0D -> 1
03月30日 17:02:34.750 CC O U4S18O0C -> 0
03月30日 17:02:34.750 CC O U4S18O0E -> 1
03月30日 17:02:34.750 CC O U4S18O0F -> 0
03月30日 17:02:34.875 CC O U4S1AO01 -> 1
03月30日 17:02:34.875 CC O U4S1AO00 -> 0
03月30日 17:02:35.656 CC O U4S1AO05 -> 1
03月30日 17:02:35.656 CC O U4S1AO04 -> 0
03月30日 17:02:35.656 CC O U4S1AO06 -> 1
03月30日 17:02:35.656 CC O U4S1AO07 -> 0
03月30日 17:02:35.890 CC O U4S1AO09 -> 1
03月30日 17:02:35.890 CC O U4S1AO08 -> 0
03月30日 17:02:35.890 CC O U4S1AO0A -> 1
03月30日 17:02:35.890 CC O U4S1AO0B -> 0
03月30日 17:02:36.015 CC O U4S1AO0D -> 1
03月30日 17:02:36.015 CC O U4S1AO0C -> 0
03月30日 17:02:36.015 CC O U4S1AO0E -> 1
03月30日 17:02:36.015 CC O U4S1AO0F -> 0
03月30日 17:02:36.078 CC O U4S1CO01 -> 1
03月30日 17:02:36.078 CC O U4S1CO00 -> 0
03月30日 17:02:36.187 CC O U4S1CO05 -> 1
03月30日 17:02:36.187 CC O U4S1CO04 -> 0
03月30日 17:02:36.187 CC O U4S1CO06 -> 1
03月30日 17:02:36.187 CC O U4S1CO07 -> 0
03月30日 17:02:36.312 CC O U4S1CO09 -> 1
03月30日 17:02:36.312 CC O U4S1CO08 -> 0
03月30日 17:02:36.312 CC O U4S1CO0A -> 1
03月30日 17:02:36.312 CC O U4S1CO0B -> 0
03月30日 17:02:36.500 CC O U4S18O01 -> 1
03月30日 17:02:36.500 CC O U4S18O00 -> 0
03月30日 17:02:36.609 CC O U4S18O05 -> 1
03月30日 17:02:36.609 CC O U4S18O04 -> 0
03月30日 17:02:36.609 CC O U4S18O06 -> 1
03月30日 17:02:36.609 CC O U4S18O07 -> 0
03月30日 17:06:51.281 ***** StartLogging IO.log *****
03月30日 17:06:52.390 シミュレータと接続されました。
03月30日 17:06:53.015 I X0040 -> 0
03月30日 17:06:53.015 I X0041 -> 1
03月30日 17:06:53.015 I X004F -> 1
03月30日 17:06:53.015 BUF I U4G01664 -> 0(0x0000)
03月30日 17:06:53.015 BUF I U4G01665 -> 0(0x0000)
03月30日 17:08:11.453 CC O U4S1AO05 -> 1
03月30日 17:08:11.453 CC O U4S1AO04 -> 0
03月30日 17:08:11.453 CC O U4S1AO06 -> 1
03月30日 17:08:11.453 CC O U4S1AO07 -> 0
03月30日 17:08:11.578 CC O U4S1AO09 -> 1
03月30日 17:08:11.578 CC O U4S1AO08 -> 0
03月30日 17:08:11.578 CC O U4S1AO0A -> 1
03月30日 17:08:11.578 CC O U4S1AO0B -> 0
03月30日 17:08:11.703 CC O U4S1AO0D -> 1
03月30日 17:08:11.703 CC O U4S1AO0C -> 0
03月30日 17:08:11.703 CC O U4S1AO0E -> 1
03月30日 17:08:11.703 CC O U4S1AO0F -> 0
03月30日 17:08:11.812 CC O U4S1CO01 -> 1
03月30日 17:08:11.812 CC O U4S1CO00 -> 0
03月30日 17:08:11.875 CC O U4S1CO05 -> 1
03月30日 17:08:11.875 CC O U4S1CO04 -> 0
03月30日 17:08:11.875 CC O U4S1CO06 -> 1
03月30日 17:08:11.875 CC O U4S1CO07 -> 0
03月30日 17:08:12.000 CC O U4S1CO09 -> 1
03月30日 17:08:12.000 CC O U4S1CO08 -> 0
03月30日 17:08:12.000 CC O U4S1CO0A -> 1
03月30日 17:08:12.000 CC O U4S1CO0B -> 0
03月30日 17:08:12.234 CC O U4S18O01 -> 1
03月30日 17:08:12.234 CC O U4S18O00 -> 0
03月30日 17:08:12.359 CC O U4S18O05 -> 1
03月30日 17:08:12.359 CC O U4S18O04 -> 0
03月30日 17:08:12.359 CC O U4S18O06 -> 1
03月30日 17:08:12.359 CC O U4S18O07 -> 0
03月30日 17:08:12.421 CC O U4S18O09 -> 1
03月30日 17:08:12.421 CC O U4S18O08 -> 0
03月30日 17:08:12.421 CC O U4S18O0A -> 1
03月30日 17:08:12.421 CC O U4S18O0B -> 0
03月30日 17:08:12.531 CC O U4S18O0D -> 1
03月30日 17:08:12.531 CC O U4S18O0C -> 0
03月30日 17:08:12.531 CC O U4S18O0E -> 1
03月30日 17:08:12.531 CC O U4S18O0F -> 0
03月30日 17:08:12.718 CC O U4S1AO01 -> 1
03月30日 17:08:12.718 CC O U4S1AO00 -> 0
03月30日 17:12:18.906 ***** StartLogging IO.log *****
03月30日 17:12:19.468 シミュレータと接続されました。
03月30日 17:12:20.046 I X0040 -> 0
03月30日 17:12:20.046 I X0041 -> 1
03月30日 17:12:20.046 I X004F -> 1
03月30日 17:12:20.046 BUF I U4G01664 -> 0(0x0000)
03月30日 17:12:20.046 BUF I U4G01665 -> 0(0x0000)
