03ŒŽ30“ú 17:07:46.156 RCV SOS 11<-F0 N:34 L:1797 M: 44 61 20 20 20 20 20 20 20 20 20 20 20 20 20 20 20 20 20 20 20 20 20 20 20 20 20 20 20 20 20 20 20 20 20 20 20 20 20 20 20 20 20 20 20 20 20 20 20 20 20 20 20 20 20 20 20 20 20 20 20 20 20 20 20 20 20 20 20 20 20 20 20 20 20 20 20 20 20 20 20 20 20 20 20 20 20 20 20 20 20 20 20 20 20 20 20 20 20 20 20 20 20 20 20 20 20 20 20 20 20 20 20 20 20 20 20 20 20 20 20 20 20 20 20 20 20 20 20 20 20 20 20 20 20 20 20 20 20 20 20 20 20 20 20 20 20 20 20 20 20 20 20 20 20 20 20 20 20 20 20 20 20 20 20 20 20 20 20 20 20 20 20 20 20 20 20 20 20 20 20 20 20 20 20 20 20 20 20 20 20 20 20 20 20 20 20 20 20 20 20 20 20 20 20 20 20 20 20 20 20 20 20 20 20 20 20 20 20 20 20 20 20 20 20 20 20 20 20 20 20 20 20 20 20 20 20 20 20 20 20 20 20 20 20 20 20 20 20 20 20 20 20 20 20 20 20 20 20 20 20 20 20 20 20 20 20 20 20 20 20 20 20 20 20 20 20 20 20 20 20 20 20 20 20 20 20 20 20 20 20 20 20 20 20 20 20 20 20 20 20 20 20 20 20 20 20 20 20 20 20 20 20 20 20 20 20 20 20 20 20 20 20 20 20 20 20 20 20 20 20 20 20 20 20 20 20 20 20 20 20 20 20 20 20 20 20 20 20 20 20 20 20 20 20 20 20 20 20 20 20 20 20 20 20 20 20 20 20 20 20 20 20 20 20 20 20 20 20 20 20 20 20 20 20 20 20 20 20 20 20 20 20 20 20 20 20 20 20 20 20 20 20 20 20 20 20 20 20 20 20 20 20 20 20 20 20 20 20 20 20 20 20 20 20 20 20 20 20 20 20 20 20 20 20 20 20 20 20 20 20 20 20 20 20 20 20 20 20 20 20 20 20 20 20 20 20 20 20 20 20 20 20 20 20 20 20 20 20 20 20 20 20 20 20 20 20 20 20 20 20 20 20 20 20 20 20 20 20 20 20 20 20 20 20 20 20 20 20 20 20 20 20 20 20 20 20 20 20 20 20 20 20 20 20 20 20 20 20 20 20 20 20 20 20 20 20 20 20 20 20 20 20 20 20 20 20 20 20 20 20 20 20 20 20 20 20 20 20 20 20 20 20 20 20 20 20 20 20 20 20 20 20 20 20 20 20 20 20 20 20 20 20 20 20 20 20 20 20 20 20 20 20 20 20 20 20 20 20 20 20 20 20 20 20 20 20 20 20 20 20 20 20 20 20 20 20 20 20 20 20 20 20 20 20 20 20 20 20 20 20 20 20 20 20 20 20 20 20 20 20 20 20 20 20 20 20 20 20 20 20 20 20 20 20 20 20 20 20 20 20 20 20 20 20 20 20 20 20 20 20 20 20 20 20 20 20 20 20 20 20 20 20 20 20 20 20 20 20 20 20 20 20 20 20 20 20 20 20 20 20 20 20 20 20 20 20 20 20 20 20 20 20 20 20 20 20 20 20 20 20 20 20 20 20 20 20 20 20 20 20 20 20 20 20 20 20 20 20 20 20 20 20 20 20 20 20 20 20 20 20 20 20 20 20 20 20 20 20 20 20 20 20 20 20 20 20 20 20 20 20 20 20 20 20 20 20 20 20 20 20 20 20 20 20 20 20 20 20 20 20 20 20 20 20 20 20 20 20 20 20 20 20 20 20 20 20 20 20 20 20 20 20 20 20 20 20 20 20 20 20 20 20 20 20 20 20 20 20 20 20 20 20 20 20 20 20 20 20 20 20 20 20 20 20 20 20 20 20 20 20 20 20 20 20 20 20 20 20 20 20 20 20 20 20 20 20 20 20 20 20 20 20 20 20 20 20 20 20 20 20 20 20 20 20 20 20 20 20 20 20 20 20 20 20 20 20 20 20 20 20 20 20 20 20 20 20 20 20 20 20 20 20 20 20 20 20 20 20 20 20 20 20 20 20 20 20 20 20 20 20 20 20 20 20 20 20 20 20 20 20 20 20 20 20 20 20 20 20 20 20 20 20 20 20 20 20 20 20 20 20 20 20 20 20 20 20 20 20 20 20 20 20 20 20 20 20 20 20 20 20 20 20 20 20 20 20 20 20 20 20 20 20 20 20 20 20 20 20 20 20 20 20 20 20 20 20 20 20 20 20 20 20 20 20 20 20 20 20 20 20 20 20 20 20 20 20 20 20 20 20 20 20 20 20 20 20 20 20 20 20 20 20 20 20 20 20 20 20 20 20 20 20 20 20 20 20 20 20 20 20 20 20 20 20 20 20 20 20 20 20 20 20 20 20 20 20 20 20 20 20 20 20 20 20 20 20 20 20 20 20 20 20 20 20 20 20 20 20 20 20 20 20 20 20 20 20 20 20 20 20 20 20 20 20 20 20 20 20 20 20 20 20 20 20 20 20 20 20 20 20 20 20 20 20 20 20 20 20 20 20 20 20 20 20 20 20 20 20 20 20 20 20 20 20 20 20 20 20 20 20 20 20 20 20 20 20 20 20 20 20 20 20 20 20 20 20 20 20 20 20 20 20 20 20 20 20 20 20 20 20 20 20 20 20 20 20 20 20 20 20 20 20 20 20 20 20 20 20 20 20 20 20 20 20 20 20 20 20 20 20 20 20 20 20 20 20 20 20 20 20 20 20 20 20 20 20 20 20 20 20 20 20 20 20 20 20 20 20 20 20 20 20 20 20 20 20 20 20 20 20 20 20 20 20 20 20 20 20 20 20 20 20 20 20 20 20 20 20 20 20 20 20 20 20 20 20 20 20 20 20 20 20 20 20 20 20 20 20 20 20 20 20 20 20 20 20 20 20 20 20 20 20 20 20 20 20 20 20 20 20 20 20 20 20 20 20 20 20 20 20 20 20 20 20 20 20 20 20 20 20 20 20 20 20 20 20 20 20 20 20 20 20 20 20 20 20 20 20 20 20 20 20 20 20 20 20 20 20 20 20 20 20 20 20 20 20 20 20 20 20 20 20 20 20 20 20 20 20 20 20 20 20 20 20 20 20 20 20 20 20 20 20 20 20 20 20 20 20 20 20 20 20 20 20 20 20 20 20 20 20 20 20 20 20 20 20 20 20 20 20 20 20 20 20 20 20 20 20 20 20 20 20 20 20 20 20 20 20 20 20 20 20 20 20 20 20 20 20 20 20 20 20 20 20 20 20 20 20 20 20 20 20 20 20 20 20 20 20 20 20 20 20 20 20 20 20 20 20 20 20 20 20 20 20 20 20 20 20 20 20 20 20 20 20 20 20 20 20 20 20 20 20 20 20 20 20 20 20 20 20 20 20 20 20 20 20 20 20 20 20 20 20 20 20 20 20 20 20 20 20 20 20 20 20 20 20 20 20 20 20 20 20 20 20 20 20 20 20 20 20 20 20 20 20 20 20 20 20 20 20 20 20 20 20 20 20 20 20 20 20 20 20 20 20 20 20 20 20 20 20 20 20 20 20 20 20 20 20 20 20 20 20 20 20 20 20 20 20 20 20 20 20 20 20 20 20 20 20 20 20 20 20 20 20 20 20 20 20 20 20 20 20 20 20 20 20 20 20 20 20 20 20 20 20 20 20 20 20 20 20 20 20 20 20 20 20 20 20 20 20 20 20 20 20 20 20 20 20 20 20 20 20 20 20 20 20 20 20 20 20 20 20 20 20 20 20 20 20 20 20 20 20 20 20 20 20 20 20 20 20 20 20 20 20 20 20 20 20 20 20 20 20 20 20 20 20 20 20 20 20 20 20 20 20 20 20 20 20 20 20 20 20 20 20 20 20 20 20 20 20 20 20 20 20 20 20 20 20 20 20 20 20 20 20 20 20 20 20 20 20 20 20 20 20 20 20 20 20 20 20 20 20 20 20 20 20 20 20 20 20 20 20 20 20 20 20 20 20 20 20 20 20 20 20 20 20 20 20 20 20 20 20 20
03ŒŽ30“ú 17:07:46.296 RCV SOS 11<-F0 N:35 L:35 M: 45 11 00 00 00 00 00 00 00 00 00 00 00 00 00 00 00 00 00 00 00 00 00 00 00 00 00 00 00 00 00 00
03ŒŽ30“ú 17:07:46.359 RCV SOS 11<-F0 N:36 L:35 M: 45 21 00 00 00 00 00 00 00 00 00 00 00 00 00 00 00 00 00 00 00 00 00 00 00 00 00 00 00 00 00 00
03ŒŽ30“ú 17:07:46.421 RCV SOS 11<-F0 N:37 L:35 M: 45 71 00 00 00 00 00 00 00 00 00 00 00 00 00 00 00 00 00 00 00 00 00 00 00 00 00 00 00 00 00 00
03ŒŽ30“ú 17:07:46.500 RCV SOS 11<-F0 N:38 L:35 M: 45 31 00 00 00 00 00 00 00 00 00 00 00 00 00 00 00 00 00 00 00 00 00 00 00 00 00 00 00 00 00 00
03ŒŽ30“ú 17:07:46.562 RCV SOS 11<-F0 N:39 L:35 M: 45 32 00 00 00 00 00 00 00 00 00 00 00 00 00 00 00 00 00 00 00 00 00 00 00 00 00 00 00 00 00 00
03ŒŽ30“ú 17:07:46.625 RCV SOS 11<-F0 N:40 L:35 M: 45 33 00 00 00 00 00 00 00 00 00 00 00 00 00 00 00 00 00 00 00 00 00 00 00 00 00 00 00 00 00 00
03ŒŽ30“ú 17:07:46.687 RCV SOS 11<-F0 N:41 L:35 M: 45 41 09 34 23 00 03 04 00 23 94 00 00 00 00 00 00 00 00 00 03 00 00 00 00 00 00 00 00 00 00 18
03ŒŽ30“ú 17:07:46.750 RCV SOS 11<-F0 N:42 L:35 M: 45 53 00 00 00 00 00 00 00 00 00 00 00 00 00 00 00 00 00 00 00 00 00 00 00 00 00 00 00 00 00 00
03ŒŽ30“ú 17:07:46.812 RCV SOS 11<-F0 N:43 L:35 M: 45 51 00 00 00 00 00 00 00 00 00 00 00 00 00 00 00 00 00 00 00 00 00 00 00 00 00 00 00 00 00 00
03ŒŽ30“ú 17:07:46.875 RCV SOS 11<-F0 N:44 L:35 M: 45 52 00 00 00 00 00 00 00 00 00 00 00 00 00 00 00 00 00 00 00 00 00 00 00 00 00 00 00 00 00 00
03ŒŽ30“ú 17:07:46.937 RCV SOS 11<-F0 N:45 L:35 M: 45 61 09 34 23 00 03 04 00 23 94 00 00 00 00 00 00 00 00 00 03 00 00 00 00 00 00 00 00 00 00 18
03ŒŽ30“ú 17:07:47.093 RCV SOS 08<-F0 N:7 L:444 M: 46 00 11 03 03 31 02 04 04 31 03 05 05 32 04 06 06 32 05 00 00 00 00 00 00 00 00 08 08 02 07 09 08 01 08 10 08 01 09 11 08 01 10 12 08 02 11 13 08 01 12 14 08 01 13 15 08 01 14 16 08 02 15 17 08 01 16 18 08 01 17 00 00 00 00 00 00 00 00 00 00 00 00 00 00 00 00 00 00 00 00 07 07 71 06 00 00 00 00 00 00 00 00 00 00 00 00 19 09 02 18 20 09 01 19 21 09 01 20 22 09 01 21 00 00 00 00 00 00 00 00 00 00 00 00 00 00 00 00 00 00 00 00 00 00 00 00 00 00 00 00 00 00 00 00 00 00 00 00 00 00 00 00 00 00 00 00 00 00 00 00 00 00 00 00 00 00 00 00 00 00 00 00 00 00 00 00 00 00 00 00 00 00 00 00 00 00 00 00 00 00 00 00 00 00 00 00 00 00 00 00 00 00 00 00 00 00 00 00 02 01 10 00 00 00 00 00 00 00 00 00 00 00 00 00 00 00 00 00 00 00 00 00 00 00 00 00 00 00 00 00 00 00 00 00 00 00 00 00 00 00 00 00 00 00 00 00 00 00 00 00 00 00 00 00 00 00 00 00 00 00 00 00 00 00 00 00 00 00 00 00 00 00 00 00 00 00 00 00 00 00 00 00 00 00 00 00 00 00 00 00 00 00 00 00 00 00 00 00 00 00 00 00 00 00 00 00 00 00 00 00 00 00 00 00 00 00 00 00 00 00 00 00 00 00 00 00 00 00 00 00 00 00 00 00 00 00 00 00 00 00 00 00 00 00 00 00 00 00 00 00 00 00 00 00 00 00 00 00 00 00 00 00 00 00 00 00 00 00 00 00 00 00 00 00 00 00 00 00 00 00 00 00 00 00 00 00 00 00 00 00 00 00 00 00 00 00 00 00 00 00 00 00 00 00 00 00 00 00 00 00 00 00 00 00 00 00 00 00 00 00
03ŒŽ30“ú 17:07:47.203 RCV SOS 11<-F0 N:46 L:444 M: 46 00 11 03 03 31 02 04 04 31 03 05 05 32 04 06 06 32 05 00 00 00 00 00 00 00 00 08 08 02 07 09 08 01 08 10 08 01 09 11 08 01 10 12 08 02 11 13 08 01 12 14 08 01 13 15 08 01 14 16 08 02 15 17 08 01 16 18 08 01 17 00 00 00 00 00 00 00 00 00 00 00 00 00 00 00 00 00 00 00 00 07 07 71 06 00 00 00 00 00 00 00 00 00 00 00 00 19 09 02 18 20 09 01 19 21 09 01 20 22 09 01 21 00 00 00 00 00 00 00 00 00 00 00 00 00 00 00 00 00 00 00 00 00 00 00 00 00 00 00 00 00 00 00 00 00 00 00 00 00 00 00 00 00 00 00 00 00 00 00 00 00 00 00 00 00 00 00 00 00 00 00 00 00 00 00 00 00 00 00 00 00 00 00 00 00 00 00 00 00 00 00 00 00 00 00 00 00 00 00 00 00 00 00 00 00 00 00 00 02 01 10 00 00 00 00 00 00 00 00 00 00 00 00 00 00 00 00 00 00 00 00 00 00 00 00 00 00 00 00 00 00 00 00 00 00 00 00 00 00 00 00 00 00 00 00 00 00 00 00 00 00 00 00 00 00 00 00 00 00 00 00 00 00 00 00 00 00 00 00 00 00 00 00 00 00 00 00 00 00 00 00 00 00 00 00 00 00 00 00 00 00 00 00 00 00 00 00 00 00 00 00 00 00 00 00 00 00 00 00 00 00 00 00 00 00 00 00 00 00 00 00 00 00 00 00 00 00 00 00 00 00 00 00 00 00 00 00 00 00 00 00 00 00 00 00 00 00 00 00 00 00 00 00 00 00 00 00 00 00 00 00 00 00 00 00 00 00 00 00 00 00 00 00 00 00 00 00 00 00 00 00 00 00 00 00 00 00 00 00 00 00 00 00 00 00 00 00 00 00 00 00 00 00 00 00 00 00 00 00 00 00 00 00 00 00 00 00 00 00 00
03ŒŽ30“ú 17:07:48.703 RCV CLR 01<-F0 N:22 L:6 M: 02 01 00
03ŒŽ30“ú 17:07:48.812 RCV CLR 02<-F0 N:25 L:6 M: 02 01 00
03ŒŽ30“ú 17:07:48.906 RCV CLR 08<-F0 N:8 L:6 M: 02 01 00
03ŒŽ30“ú 17:07:49.015 RCV CLR 11<-F0 N:47 L:6 M: 02 02 00
03ŒŽ30“ú 17:07:49.125 SND STT 02->F0 N:2 L:28 M: 02 01 00 00 04 00 00 00 00 00 00 00 00 00 00 00 00 00 00 00 00 00 00 00 00
03ŒŽ30“ú 17:07:49.781 SND STT 01->F0 N:3 L:35 M: 01 03 03 00 21 00 00 00 00 00 00 00 00 00 00 00 00 00 00 00 00 00 00 00 00 00 00 00 00 00 00 00
03ŒŽ30“ú 17:07:49.875 SND STT 01->F0 N:4 L:35 M: 01 03 01 00 21 00 00 00 00 00 00 00 00 00 00 00 00 00 00 00 00 00 00 00 00 00 00 00 00 00 00 00
03ŒŽ30“ú 17:07:49.906 RCV SOS 01<-F0 N:23 L:64 M: 17 00 00 00 00 00 00 00 00 00 00 00 00 00 00 00 00 00 00 00 00 00 00 00 00 00 00 00 00 00 00 00 00 00 00 00 00 00 00 00 00 00 00 00 00 00 00 00 00 00 00 00 00 00 00 00 00 00 00 00 00
03ŒŽ30“ú 17:07:49.968 SND STT 01->F0 N:5 L:35 M: 01 03 02 00 21 00 00 00 00 00 00 00 00 00 00 00 00 00 00 00 00 00 00 00 00 00 00 00 00 00 00 00
03ŒŽ30“ú 17:07:50.046 RCV SOS 01<-F0 N:24 L:64 M: 17 00 00 00 00 00 00 00 00 00 00 00 00 00 00 00 00 00 00 00 00 00 00 00 00 00 00 00 00 00 00 00 00 00 00 00 00 00 00 00 00 00 00 00 00 00 00 00 00 00 00 00 00 00 00 00 00 00 00 00 00
03ŒŽ30“ú 17:07:50.078 SND STT 01->F0 N:6 L:35 M: 01 01 00 00 01 00 00 00 00 00 00 00 00 00 00 00 00 00 00 00 00 00 00 00 00 00 00 00 00 00 00 00
03ŒŽ30“ú 17:07:50.171 SND STT 01->F0 N:7 L:35 M: 01 03 04 00 21 00 00 00 00 00 00 00 00 00 00 00 00 00 00 00 00 00 00 00 00 00 00 00 00 00 00 00
03ŒŽ30“ú 17:07:50.203 RCV SOS 01<-F0 N:25 L:64 M: 17 00 00 00 00 00 00 00 00 00 00 00 00 00 00 00 00 00 00 00 00 00 00 00 00 00 00 00 00 00 00 00 00 00 00 00 00 00 00 00 00 00 00 00 00 00 00 00 00 00 00 00 00 00 00 00 00 00 00 00 00
03ŒŽ30“ú 17:07:50.343 RCV SOS 01<-F0 N:26 L:64 M: 17 00 00 00 00 00 00 00 00 00 00 00 00 00 00 00 00 00 00 00 00 00 00 00 00 00 00 00 00 00 00 00 00 00 00 00 00 00 00 00 00 00 00 00 00 00 00 00 00 00 00 00 00 00 00 00 00 00 00 00 00
03ŒŽ30“ú 17:07:50.687 RCV RNT 01<-F0 N:27 L:7 M: 01 01 00 07
03ŒŽ30“ú 17:07:50.843 RCV SOS 01<-F0 N:28 L:64 M: 17 00 00 00 00 00 00 00 00 00 00 00 00 00 00 00 00 00 00 00 00 00 00 00 00 00 00 00 00 00 00 00 00 00 00 00 00 00 00 00 00 00 00 00 00 00 00 00 00 00 00 00 00 00 00 00 00 00 00 00 00
03ŒŽ30“ú 17:07:50.906 RCV RNT 01<-F0 N:29 L:7 M: 01 02 00 01
03ŒŽ30“ú 17:07:51.046 RCV SOS 01<-F0 N:30 L:64 M: 17 00 00 00 00 00 00 00 00 00 00 00 00 00 00 00 00 00 00 00 00 00 00 00 00 00 00 00 00 00 00 00 00 00 00 00 00 00 00 00 00 00 00 00 00 00 00 00 00 00 00 00 00 00 00 00 00 00 00 00 00
03ŒŽ30“ú 17:07:51.125 RCV RNT 01<-F0 N:31 L:7 M: 01 03 00 01
03ŒŽ30“ú 17:07:51.265 RCV SOS 01<-F0 N:32 L:64 M: 17 00 00 00 00 00 00 00 00 00 00 00 00 00 00 00 00 00 00 00 00 00 00 00 00 00 00 00 00 00 00 00 00 00 00 00 00 00 00 00 00 00 00 00 00 00 00 00 00 00 00 00 00 00 00 00 00 00 00 00 00
03ŒŽ30“ú 17:07:51.328 RCV RNT 01<-F0 N:33 L:7 M: 01 04 00 01
03ŒŽ30“ú 17:07:51.468 RCV SOS 01<-F0 N:34 L:64 M: 17 00 00 00 00 00 00 00 00 00 00 00 00 00 00 00 00 00 00 00 00 00 00 00 00 00 00 00 00 00 00 00 00 00 00 00 00 00 00 00 00 00 00 00 00 00 00 00 00 00 00 00 00 00 00 00 00 00 00 00 00
03ŒŽ30“ú 17:07:54.609 RCV RET 01<-F0 N:35 L:6 M: 02 01 00
03ŒŽ30“ú 17:07:54.718 RCV RET 02<-F0 N:26 L:6 M: 02 01 00
03ŒŽ30“ú 17:07:54.718 SND REE 02->F0 N:3 L:6 M: 02 01 02
03ŒŽ30“ú 17:07:54.828 RCV RET 08<-F0 N:9 L:6 M: 02 01 00
03ŒŽ30“ú 17:07:54.859 SND REE 08->F0 N:13 L:6 M: 02 01 00
03ŒŽ30“ú 17:07:54.968 SND REE 01->F0 N:8 L:6 M: 02 01 00
03ŒŽ30“ú 17:07:55.140 RCV RET 02<-F0 N:27 L:6 M: 01 01 00
03ŒŽ30“ú 17:08:10.937 SND REE 02->F0 N:4 L:6 M: 10 01 02
03ŒŽ30“ú 17:08:11.406 RCV RET 08<-F0 N:10 L:6 M: 01 01 00
03ŒŽ30“ú 17:08:11.625 RCV RET 01<-F0 N:36 L:6 M: 01 01 00
03ŒŽ30“ú 17:08:14.765 SND STT 08->F0 N:14 L:28 M: 16 02 00 00 00 30 30 30 30 30 30 30 30 30 30 30 30 30 30 30 30 30 30 30 30
03ŒŽ30“ú 17:08:15.171 SND STT 08->F0 N:15 L:28 M: 08 02 00 00 00 30 30 30 30 30 30 30 30 30 30 30 30 30 30 30 30 30 30 30 30
03ŒŽ30“ú 17:08:15.968 SND STT 08->F0 N:16 L:28 M: 12 02 00 00 00 30 30 30 30 30 30 30 30 30 30 30 30 30 30 30 30 30 30 30 30
03ŒŽ30“ú 17:08:16.578 SND ALO 08->F0 N:17 L:47 M: 0D 01 04 00 00 00 00 00 00 00 00 00 00 00 00 00 00 00 00 00 00 00 00 00 00 00 00 00 00 00 00 00 00 00 00 00 00 00 00 00 00 00 00 00
03ŒŽ30“ú 17:08:16.671 SND ALO 08->F0 N:18 L:47 M: 0E 01 04 00 00 00 00 00 00 00 00 00 00 00 00 00 00 00 00 00 00 00 00 00 00 00 00 00 00 00 00 00 00 00 00 00 00 00 00 00 00 00 00 00
03ŒŽ30“ú 17:08:16.781 SND ALO 08->F0 N:19 L:47 M: 0F 01 04 00 00 00 00 00 00 00 00 00 00 00 00 00 00 00 00 00 00 00 00 00 00 00 00 00 00 00 00 00 00 00 00 00 00 00 00 00 00 00 00 00
03ŒŽ30“ú 17:08:17.078 SND ALO 08->F0 N:20 L:47 M: 11 01 04 00 00 00 00 00 00 00 00 00 00 00 00 00 00 00 00 00 00 00 00 00 00 00 00 00 00 00 00 00 00 00 00 00 00 00 00 00 00 00 00 00
03ŒŽ30“ú 17:08:17.187 SND ALO 08->F0 N:21 L:47 M: 12 01 04 00 00 00 00 00 00 00 00 00 00 00 00 00 00 00 00 00 00 00 00 00 00 00 00 00 00 00 00 00 00 00 00 00 00 00 00 00 00 00 00 00
03ŒŽ30“ú 17:08:17.484 SND ALO 08->F0 N:22 L:47 M: 09 01 04 00 00 00 00 00 00 00 00 00 00 00 00 00 00 00 00 00 00 00 00 00 00 00 00 00 00 00 00 00 00 00 00 00 00 00 00 00 00 00 00 00
03ŒŽ30“ú 17:08:17.593 SND ALO 08->F0 N:23 L:47 M: 0A 01 04 00 00 00 00 00 00 00 00 00 00 00 00 00 00 00 00 00 00 00 00 00 00 00 00 00 00 00 00 00 00 00 00 00 00 00 00 00 00 00 00 00
03ŒŽ30“ú 17:08:17.687 SND ALO 08->F0 N:24 L:47 M: 0B 01 04 00 00 00 00 00 00 00 00 00 00 00 00 00 00 00 00 00 00 00 00 00 00 00 00 00 00 00 00 00 00 00 00 00 00 00 00 00 00 00 00 00
03ŒŽ30“ú 17:09:02.812 SND REE 02->F0 N:5 L:6 M: 01 01 02
03ŒŽ30“ú 17:09:11.468 SND REE 01->F0 N:9 L:6 M: 01 01 00
03ŒŽ30“ú 17:09:11.578 SND PSS 01->02 N:10 L:10 M: 01 03 00 00 00 00 00
03ŒŽ30“ú 17:09:11.578 RCV PSS 02<-01 N:10 L:10 M: 01 03 00 00 00 00 00
03ŒŽ30“ú 17:09:11.671 SND PSS 01->02 N:11 L:10 M: 01 00 00 00 00 00 00
03ŒŽ30“ú 17:09:11.671 RCV PSS 02<-01 N:11 L:10 M: 01 00 00 00 00 00 00
03ŒŽ30“ú 17:09:11.781 SND STT 01->F0 N:12 L:35 M: 01 02 00 00 00 00 00 00 00 00 00 00 00 00 00 00 00 00 00 00 00 00 00 00 00 00 00 00 00 00 00 00
03ŒŽ30“ú 17:09:11.968 SND STT 01->F0 N:13 L:35 M: 01 01 00 00 00 00 00 00 00 00 00 00 00 00 00 00 00 00 00 00 00 00 00 00 00 00 00 00 00 00 00 00
03ŒŽ30“ú 17:09:12.015 SND STT 02->F0 N:6 L:28 M: 02 01 00 00 00 00 00 00 00 00 00 00 00 00 00 00 00 00 00 00 00 00 00 00 00
03ŒŽ30“ú 17:09:18.968 RCV ARS 08<-F0 N:11 L:8 M: 10 01 04 00 00
03ŒŽ30“ú 17:09:24.171 SND ARA 08->F0 N:25 L:11 M: 0A 01 04 01 00 00 00 00
03ŒŽ30“ú 17:12:18.906 ***** StartLogging SOCKET.log *****
