03月26日 15:23:18.187 RCV U0A P1 -> S08 02 11 52 53 03 42 36 0D
03月26日 15:23:18.187 RCV U0A P1 -> S08 02 11 52 53 31 30 30 32 30 30 33 30 30 34 30 30 03 30 30 0D
03月26日 15:23:18.187 [U0A P1]占有権解放 S08
03月26日 15:23:18.187 [U0A P1]占有権要求 S08
03月26日 15:23:18.187 [U0A P1]占有権取得 S08
03月26日 15:23:18.640 [U0A P1]SND 08 02 11 57 25 30 30 30 30 30 30 30 30 30 30 30 30 30 30 30 30 30 30 30 30 30 30 30 30 03 30 44 0D
03月26日 15:23:19.218 [U0A P1]RCV 02 11 57 25 30 30 30 30 30 30 30 30 30 30 30 30 30 30 30 30 30 30 30 30 30 30 30 30 03 30 44 0D 02 11 06 03 31 37 30
03月26日 15:23:19.234 RCV U0A P1 -> S08 02 11 57 25 30 30 30 30 30 30 30 30 30 30 30 30 30 30 30 30 30 30 30 30 30 30 30 30 03 30 44 0D
03月26日 15:23:19.234 RCV U0A P1 -> S08 02 11 06 03 31 37 30
03月26日 15:23:19.234 [U0A P1]占有権解放 S08
03月26日 15:23:19.234 [U0A P1]占有権要求 S08
03月26日 15:23:19.312 [U0A P1]占有権取得 S08
03月26日 15:23:19.640 [U0A P1]SND 08 02 11 52 25 03 38 38 0D
03月26日 15:23:20.218 [U0A P1]RCV 02 11 52 25 03 38 38 0D 02 11 52 25 32 30 30 31 30 30 32 30 30 31 30 30 32 30 30 31 30 30 32 30 30 31 30 30 03 31 34 0D
03月26日 15:23:20.234 RCV U0A P1 -> S08 02 11 52 25 03 38 38 0D
03月26日 15:23:20.234 RCV U0A P1 -> S08 02 11 52 25 32 30 30 31 30 30 32 30 30 31 30 30 32 30 30 31 30 30 32 30 30 31 30 30 03 31 34 0D
03月26日 15:23:20.234 [U0A P1]占有権解放 S08
03月26日 15:23:20.234 [U0A P1]占有権要求 S08
03月26日 15:23:20.234 [U0A P1]占有権取得 S08
03月26日 15:23:20.593 [U0A P1]SND 08 02 11 57 50 30 30 30 30 30 30 30 30 30 30 30 30 03 46 38 0D
03月26日 15:23:21.359 [U0A P1]RCV 02 11 57 50 30 30 30 30 30 30 30 30 30 30 30 30 03 46 38 0D 02 11 06 03 31 37 30
03月26日 15:23:21.359 RCV U0A P1 -> S08 02 11 57 50 30 30 30 30 30 30 30 30 30 30 30 30 03 46 38 0D
03月26日 15:23:21.359 RCV U0A P1 -> S08 02 11 06 03 31 37 30
03月26日 15:23:21.359 [U0A P1]占有権解放 S08
03月26日 15:23:21.359 [U0A P1]占有権要求 S08
03月26日 15:23:21.390 [U0A P1]占有権取得 S08
03月26日 15:23:21.718 [U0A P1]SND 08 02 11 52 50 03 42 33 0D
03月26日 15:23:22.328 [U0A P1]RCV 02 11 52 50 03 42 33 0D 02 11 52 50 46 46 46 46 46 46 46 46 46 46 46 46 03 46 42 0D
03月26日 15:23:22.343 RCV U0A P1 -> S08 02 11 52 50 03 42 33 0D
03月26日 15:23:22.343 RCV U0A P1 -> S08 02 11 52 50 46 46 46 46 46 46 46 46 46 46 46 46 03 46 42 0D
03月26日 15:23:22.343 [U0A P1]占有権解放 S08
03月26日 15:23:22.390 [U0A P1]占有権取得 S08
03月26日 15:23:22.546 [U0A P1]占有権要求 S08
03月26日 15:23:22.843 [U0A P1]SND 08 02 11 57 4D 31 31 31 31 03 37 39 0D
03月26日 15:23:23.562 [U0A P1]RCV 02 11 57 4D 31 31 31 31 03 37 39 0D 02 11 06 03 31 37 46
03月26日 15:23:23.562 RCV U0A P1 -> S08 02 11 57 4D 31 31 31 31 03 37 39 0D
03月26日 15:23:23.562 RCV U0A P1 -> S08 02 11 06 03 31 37 46
03月26日 15:23:23.562 [U0A P1]占有権解放 S08
03月26日 15:23:23.562 [U0A P1]占有権要求 S08
03月26日 15:23:23.640 [U0A P1]占有権取得 S08
03月26日 15:23:23.968 [U0A P1]SND 08 02 11 52 4D 03 42 30 0D
03月26日 15:23:24.484 [U0A P1]RCV 02 11 52 4D 03 42 30 0D 02 11 52 4D 31 31 31 31 03 37 34 0D
03月26日 15:23:24.484 RCV U0A P1 -> S08 02 11 52 4D 03 42 30 0D
03月26日 15:23:24.484 RCV U0A P1 -> S08 02 11 52 4D 31 31 31 31 03 37 34 0D
03月26日 15:23:24.484 [U0A P1]占有権解放 S08
03月26日 15:23:24.484 [U0A P1]占有権要求 S08
03月26日 15:23:24.546 [U0A P1]占有権取得 S08
03月26日 15:23:24.843 [U0A P1]SND 08 02 11 52 52 03 42 35 0D
03月26日 15:23:25.546 [U0A P1]RCV 02 11 52 52 03 42 35 0D 02 11 52 52 00 46 38 33 00 46 38 33 00 46 38 33 00 46 38 33 03 37 39 0D
03月26日 15:23:25.562 RCV U0A P1 -> S08 02 11 52 52 03 42 35 0D
03月26日 15:23:25.562 RCV U0A P1 -> S08 02 11 52 52 00 46 38 33 00 46 38 33 00 46 38 33 00 46 38 33 03 37 39 0D
03月26日 15:23:25.562 [U0A P1]占有権解放 S08
03月26日 15:23:25.562 [U0A P1]占有権要求 S08
03月26日 15:23:25.578 [U0A P1]占有権取得 S08
03月26日 15:23:26.062 [U0A P1]SND 08 02 11 52 58 03 42 42 0D
03月26日 15:23:26.671 [U0A P1]RCV 02 11 52 58 03 42 42 0D 02 11 52 58 35 30 30 46 46 46 35 30 30 46 46 46 35 30 30 46 46 46 35 30 30 46 46 46 03 35 37 0D
03月26日 15:23:26.671 RCV U0A P1 -> S08 02 11 52 58 03 42 42 0D
03月26日 15:23:26.671 RCV U0A P1 -> S08 02 11 52 58 35 30 30 46 46 46 35 30 30 46 46 46 35 30 30 46 46 46 35 30 30 46 46 46 03 35 37 0D
03月26日 15:23:26.671 [U0A P1]占有権解放 S08
03月26日 15:23:26.671 [U0A P1]占有権要求 S08
03月26日 15:23:26.718 [U0A P1]占有権取得 S08
03月26日 15:23:27.078 [U0A P1]SND 08 02 11 57 42 30 30 30 30 30 30 30 30 30 2D 30 30 30 30 30 30 30 30 30 30 30 30 2D 30 30 30 30 30 30 30 30 30 30 30 30 2D 30 30 30 30 30 30 30 30 30 30 30 30 2D 30 30 30 03 35 45 0D
03月26日 15:23:27.703 [U0A P1]RCV 02 11 57 42 30 30 30 30 30 30 30 30 30 2D 30 30 30 30 30 30 30 30 30 30 30 30 2D 30 30 30 30 30 30 30 30 30 30 30 30 2D 30 30 30 30 30 30 30 30 30 30 30 30 2D 30 30 30 03 35 45 0D 02 11 06 03 31 37 39
03月26日 15:23:27.718 RCV U0A P1 -> S08 02 11 57 42 30 30 30 30 30 30 30 30 30 2D 30 30 30 30 30 30 30 30 30 30 30 30 2D 30 30 30 30 30 30 30 30 30 30 30 30 2D 30 30 30 30 30 30 30 30 30 30 30 30 2D 30 30 30 03 35 45 0D
03月26日 15:23:27.718 RCV U0A P1 -> S08 02 11 06 03 31 37 39
03月26日 15:23:27.718 [U0A P1]占有権解放 S08
03月26日 15:23:27.718 [U0A P1]占有権要求 S08
03月26日 15:23:27.718 [U0A P1]占有権取得 S08
03月26日 15:23:28.125 [U0A P1]SND 08 02 11 52 42 03 41 35 0D
03月26日 15:23:28.671 [U0A P1]RCV 02 11 52 42 03 41 35 0D 02 11 52 42 30 30 30 30 30 30 30 30 30 2D 30 30 30 30 30 30 30 30 30 30 30 30 2D 30 30 30 30 30 30 30 30 30 30 30 30 2D 30 30 30 30 30 30 30 30 30 30 30 30 2D 30 30 30 03 35 39 0D
03月26日 15:23:28.687 RCV U0A P1 -> S08 02 11 52 42 03 41 35 0D
03月26日 15:23:28.687 RCV U0A P1 -> S08 02 11 52 42 30 30 30 30 30 30 30 30 30 2D 30 30 30 30 30 30 30 30 30 30 30 30 2D 30 30 30 30 30 30 30 30 30 30 30 30 2D 30 30 30 30 30 30 30 30 30 30 30 30 2D 30 30 30 03 35 39 0D
03月26日 15:23:28.687 [U0A P1]占有権解放 S08
03月26日 15:23:28.687 [U0A P1]占有権要求 S08
03月26日 15:23:28.703 [U0A P1]占有権取得 S08
03月26日 15:23:29.031 [U0A P1]SND 08 02 11 57 53 30 30 30 30 30 30 30 30 30 30 30 30 03 46 42 0D
03月26日 15:23:29.593 [U0A P1]RCV 02 11 57 53 30 30 30 30 30 30 30 30 30 30 30 30 03 46 42 0D 02 11 06 03 31 37 30
03月26日 15:23:29.609 RCV U0A P1 -> S08 02 11 57 53 30 30 30 30 30 30 30 30 30 30 30 30 03 46 42 0D
03月26日 15:23:29.609 RCV U0A P1 -> S08 02 11 06 03 31 37 30
03月26日 15:23:29.609 [U0A P1]占有権解放 S08
03月26日 15:23:29.609 [U0A P1]占有権要求 S08
03月26日 15:23:29.718 [U0A P1]占有権取得 S08
03月26日 15:23:30.062 [U0A P1]SND 08 02 11 52 53 03 42 36 0D
03月26日 15:23:30.906 [U0A P1]RCV 02 11 52 53 03 42 36 0D 02 11 52 53 31 30 30 32 30 30 33 30 30 34 30 30 03 30 30 0D
03月26日 15:23:30.906 RCV U0A P1 -> S08 02 11 52 53 03 42 36 0D
03月26日 15:23:30.906 RCV U0A P1 -> S08 02 11 52 53 31 30 30 32 30 30 33 30 30 34 30 30 03 30 30 0D
03月26日 15:23:30.906 [U0A P1]占有権解放 S08
03月26日 15:23:30.906 [U0A P1]占有権要求 S08
03月26日 15:23:30.921 [U0A P1]占有権取得 S08
03月26日 15:23:31.359 [U0A P1]SND 08 02 11 57 25 30 30 30 30 30 30 30 30 30 30 30 30 30 30 30 30 30 30 30 30 30 30 30 30 03 30 44 0D
03月26日 15:23:31.937 [U0A P1]RCV 02 11 57 25 30 30 30 30 30 30 30 30 30 30 30 30 30 30 30 30 30 30 30 30 30 30 30 30 03 30 44 0D 02 11 06 03 31 37 30
03月26日 15:23:31.953 RCV U0A P1 -> S08 02 11 57 25 30 30 30 30 30 30 30 30 30 30 30 30 30 30 30 30 30 30 30 30 30 30 30 30 03 30 44 0D
03月26日 15:23:31.953 RCV U0A P1 -> S08 02 11 06 03 31 37 30
03月26日 15:23:31.953 [U0A P1]占有権解放 S08
03月26日 15:23:31.953 [U0A P1]占有権要求 S08
03月26日 15:23:32.046 [U0A P1]占有権取得 S08
03月26日 15:23:32.359 [U0A P1]SND 08 02 11 52 25 03 38 38 0D
03月26日 15:23:33.187 [U0A P1]RCV 02 11 52 25 03 38 38 0D 02 11 52 25 32 30 30 31 30 30 32 30 30 31 30 30 32 30 30 31 30 30 32 30 30 31 30 30 03 31 34 0D
03月26日 15:23:33.187 RCV U0A P1 -> S08 02 11 52 25 03 38 38 0D
03月26日 15:23:33.187 RCV U0A P1 -> S08 02 11 52 25 32 30 30 31 30 30 32 30 30 31 30 30 32 30 30 31 30 30 32 30 30 31 30 30 03 31 34 0D
03月26日 15:23:33.187 [U0A P1]占有権解放 S08
03月26日 15:23:33.187 [U0A P1]占有権要求 S08
03月26日 15:23:33.234 [U0A P1]占有権取得 S08
03月26日 15:23:33.593 [U0A P1]SND 08 02 11 57 50 30 30 30 30 30 30 30 30 30 30 30 30 03 46 38 0D
03月26日 15:23:34.062 [U0A P1]RCV 02 11 57 50 30 30 30 30 30 30 30 30 30 30 30 30 03 46 38 0D 02 11 06 03 31 37 30
03月26日 15:23:34.078 RCV U0A P1 -> S08 02 11 57 50 30 30 30 30 30 30 30 30 30 30 30 30 03 46 38 0D
03月26日 15:23:34.078 RCV U0A P1 -> S08 02 11 06 03 31 37 30
03月26日 15:23:34.078 [U0A P1]占有権解放 S08
03月26日 15:23:34.078 [U0A P1]占有権要求 S08
03月26日 15:23:34.078 [U0A P1]占有権取得 S08
03月26日 15:23:34.531 [U0A P1]SND 08 02 11 52 50 03 42 33 0D
03月26日 15:23:34.984 [U0A P1]RCV 02 11 52 50 03 42 33 0D 02 11 52 50 46 46 46 46 46 46 46 46 46 46 46 46 03 46 42 0D
03月26日 15:23:35.000 RCV U0A P1 -> S08 02 11 52 50 03 42 33 0D
03月26日 15:23:35.000 RCV U0A P1 -> S08 02 11 52 50 46 46 46 46 46 46 46 46 46 46 46 46 03 46 42 0D
03月26日 15:23:35.000 [U0A P1]占有権解放 S08
03月26日 15:23:35.046 [U0A P1]占有権取得 S08
03月26日 15:23:35.187 [U0A P1]占有権要求 S08
03月26日 15:23:35.500 [U0A P1]SND 08 02 11 57 4D 31 31 31 31 03 37 39 0D
03月26日 15:23:36.109 [U0A P1]RCV 02 11 57 4D 31 31 31 31 03 37 39 0D 02 11 06 03 31 37 46
03月26日 15:23:36.140 RCV U0A P1 -> S08 02 11 57 4D 31 31 31 31 03 37 39 0D
03月26日 15:23:36.140 RCV U0A P1 -> S08 02 11 06 03 31 37 46
03月26日 15:23:36.140 [U0A P1]占有権解放 S08
03月26日 15:23:36.140 [U0A P1]占有権要求 S08
03月26日 15:23:36.156 [U0A P1]占有権取得 S08
03月26日 15:23:36.437 [U0A P1]SND 08 02 11 52 4D 03 42 30 0D
03月26日 15:23:37.078 [U0A P1]RCV 02 11 52 4D 03 42 30 0D 02 11 52 4D 31 31 31 31 03 37 34 0D
03月26日 15:23:37.093 RCV U0A P1 -> S08 02 11 52 4D 03 42 30 0D
03月26日 15:23:37.093 RCV U0A P1 -> S08 02 11 52 4D 31 31 31 31 03 37 34 0D
03月26日 15:23:37.093 [U0A P1]占有権解放 S08
03月26日 15:23:37.093 [U0A P1]占有権要求 S08
03月26日 15:23:37.171 [U0A P1]占有権取得 S08
03月26日 15:23:37.593 [U0A P1]SND 08 02 11 52 52 03 42 35 0D
03月26日 15:23:38.218 [U0A P1]RCV 02 11 52 52 03 42 35 0D 02 11 52 52 00 46 38 33 00 46 38 33 00 46 38 33 00 46 38 33 03 37 39 0D
03月26日 15:23:38.218 RCV U0A P1 -> S08 02 11 52 52 03 42 35 0D
03月26日 15:23:38.218 RCV U0A P1 -> S08 02 11 52 52 00 46 38 33 00 46 38 33 00 46 38 33 00 46 38 33 03 37 39 0D
03月26日 15:23:38.218 [U0A P1]占有権解放 S08
03月26日 15:23:38.218 [U0A P1]占有権要求 S08
03月26日 15:23:38.296 [U0A P1]占有権取得 S08
03月26日 15:23:38.828 [U0A P1]SND 08 02 11 52 58 03 42 42 0D
03月26日 15:23:39.328 [U0A P1]RCV 02 11 52 58 03 42 42 0D 02 11 52 58 35 30 30 46 46 46 35 30 30 46 46 46 35 30 30 46 46 46 35 30 30 46 46 46 03 35 37 0D
03月26日 15:23:39.343 RCV U0A P1 -> S08 02 11 52 58 03 42 42 0D
03月26日 15:23:39.343 RCV U0A P1 -> S08 02 11 52 58 35 30 30 46 46 46 35 30 30 46 46 46 35 30 30 46 46 46 35 30 30 46 46 46 03 35 37 0D
03月26日 15:23:39.343 [U0A P1]占有権解放 S08
03月26日 15:23:39.343 [U0A P1]占有権要求 S08
03月26日 15:23:39.359 [U0A P1]占有権取得 S08
03月26日 15:23:39.640 [U0A P1]SND 08 02 11 57 42 30 30 30 30 30 30 30 30 30 2D 30 30 30 30 30 30 30 30 30 30 30 30 2D 30 30 30 30 30 30 30 30 30 30 30 30 2D 30 30 30 30 30 30 30 30 30 30 30 30 2D 30 30 30 03 35 45 0D
03月26日 15:23:40.250 [U0A P1]RCV 02 11 57 42 30 30 30 30 30 30 30 30 30 2D 30 30 30 30 30 30 30 30 30 30 30 30 2D 30 30 30 30 30 30 30 30 30 30 30 30 2D 30 30 30 30 30 30 30 30 30 30 30 30 2D 30 30 30 03 35 45 0D 02 11 06 03 31 37 39
03月26日 15:23:40.265 RCV U0A P1 -> S08 02 11 57 42 30 30 30 30 30 30 30 30 30 2D 30 30 30 30 30 30 30 30 30 30 30 30 2D 30 30 30 30 30 30 30 30 30 30 30 30 2D 30 30 30 30 30 30 30 30 30 30 30 30 2D 30 30 30 03 35 45 0D
03月26日 15:23:40.265 RCV U0A P1 -> S08 02 11 06 03 31 37 39
03月26日 15:23:40.265 [U0A P1]占有権解放 S08
03月26日 15:23:40.265 [U0A P1]占有権要求 S08
03月26日 15:23:40.265 [U0A P1]占有権取得 S08
03月26日 15:23:40.562 [U0A P1]SND 08 02 11 52 42 03 41 35 0D
03月26日 15:23:42.734 [U0A P1]占有権要求 S08
03月26日 15:23:42.937 [U0A P1]SND 08 02 11 52 42 03 41 35 0D
03月26日 15:23:43.375 [U0A P1]RCV 02 11 52 42 03 41 35 0D 02 11 52 42 30 30 30 30 30 30 30 30 30 2D 30 30 30 30 30 30 30 30 30 30 30 30 2D 30 30 30 30 30 30 30 30 30 30 30 30 2D 30 30 30 30 30 30 30 30 30 30 30 30 2D 30 30 30 03 35 39 0D
03月26日 15:23:43.375 RCV U0A P1 -> S08 02 11 52 42 03 41 35 0D
03月26日 15:23:43.375 RCV U0A P1 -> S08 02 11 52 42 30 30 30 30 30 30 30 30 30 2D 30 30 30 30 30 30 30 30 30 30 30 30 2D 30 30 30 30 30 30 30 30 30 30 30 30 2D 30 30 30 30 30 30 30 30 30 30 30 30 2D 30 30 30 03 35 39 0D
03月26日 15:23:43.375 [U0A P1]占有権解放 S08
03月26日 15:23:43.375 [U0A P1]占有権要求 S08
03月26日 15:23:43.421 [U0A P1]占有権取得 S08
03月26日 15:23:43.734 [U0A P1]SND 08 02 11 57 53 30 30 30 30 30 30 30 30 30 30 30 30 03 46 42 0D
03月26日 15:23:44.218 [U0A P1]RCV 02 11 57 53 30 30 30 30 30 30 30 30 30 30 30 30 03 46 42 0D 02 11 06 03 31 37 30
03月26日 15:23:44.218 RCV U0A P1 -> S08 02 11 57 53 30 30 30 30 30 30 30 30 30 30 30 30 03 46 42 0D
03月26日 15:23:44.218 RCV U0A P1 -> S08 02 11 06 03 31 37 30
03月26日 15:23:44.218 [U0A P1]占有権解放 S08
03月26日 15:23:44.218 [U0A P1]占有権要求 S08
03月26日 15:23:44.234 [U0A P1]占有権取得 S08
03月26日 15:23:44.578 [U0A P1]SND 08 02 11 52 53 03 42 36 0D
03月26日 15:23:45.187 [U0A P1]RCV 02 11 52 53 03 42 36 0D 02 11 52 53 31 30 30 32 30 30 33 30 30 34 30 30 03 30 30 0D
03月26日 15:23:45.203 RCV U0A P1 -> S08 02 11 52 53 03 42 36 0D
03月26日 15:23:45.203 RCV U0A P1 -> S08 02 11 52 53 31 30 30 32 30 30 33 30 30 34 30 30 03 30 30 0D
03月26日 15:23:45.203 [U0A P1]占有権解放 S08
03月26日 15:23:45.203 [U0A P1]占有権要求 S08
03月26日 15:23:45.250 [U0A P1]占有権取得 S08
03月26日 15:23:45.562 [U0A P1]SND 08 02 11 57 25 30 30 30 30 30 30 30 30 30 30 30 30 30 30 30 30 30 30 30 30 30 30 30 30 03 30 44 0D
03月26日 15:23:46.140 [U0A P1]RCV 02 11 57 25 30 30 30 30 30 30 30 30 30 30 30 30 30 30 30 30 30 30 30 30 30 30 30 30 03 30 44 0D 02 11 06 03 31 37 30
03月26日 15:23:46.140 RCV U0A P1 -> S08 02 11 57 25 30 30 30 30 30 30 30 30 30 30 30 30 30 30 30 30 30 30 30 30 30 30 30 30 03 30 44 0D
03月26日 15:23:46.140 RCV U0A P1 -> S08 02 11 06 03 31 37 30
03月26日 15:23:46.140 [U0A P1]占有権解放 S08
03月26日 15:23:46.140 [U0A P1]占有権要求 S08
03月26日 15:23:46.156 [U0A P1]占有権取得 S08
03月26日 15:23:46.500 [U0A P1]SND 08 02 11 52 25 03 38 38 0D
03月26日 15:23:47.218 [U0A P1]RCV 02 11 52 25 03 38 38 0D 02 11 52 25 32 30 30 31 30 30 32 30 30 31 30 30 32 30 30 31 30 30 32 30 30 31 30 30 03 31 34 0D
03月26日 15:23:47.218 RCV U0A P1 -> S08 02 11 52 25 03 38 38 0D
03月26日 15:23:47.218 RCV U0A P1 -> S08 02 11 52 25 32 30 30 31 30 30 32 30 30 31 30 30 32 30 30 31 30 30 32 30 30 31 30 30 03 31 34 0D
03月26日 15:23:47.218 [U0A P1]占有権解放 S08
03月26日 15:23:47.218 [U0A P1]占有権要求 S08
03月26日 15:23:47.281 [U0A P1]占有権取得 S08
03月26日 15:23:47.531 [U0A P1]SND 08 02 11 57 50 30 30 30 30 30 30 30 30 30 30 30 30 03 46 38 0D
03月26日 15:23:48.078 [U0A P1]RCV 02 11 57 50 30 30 30 30 30 30 30 30 30 30 30 30 03 46 38 0D 02 11 06 03 31 37 30
03月26日 15:23:48.093 RCV U0A P1 -> S08 02 11 57 50 30 30 30 30 30 30 30 30 30 30 30 30 03 46 38 0D
03月26日 15:23:48.093 RCV U0A P1 -> S08 02 11 06 03 31 37 30
03月26日 15:23:48.093 [U0A P1]占有権解放 S08
03月26日 15:23:48.093 [U0A P1]占有権要求 S08
03月26日 15:23:48.140 [U0A P1]占有権取得 S08
03月26日 15:23:48.390 [U0A P1]SND 08 02 11 52 50 03 42 33 0D
03月26日 15:23:49.015 [U0A P1]RCV 02 11 52 50 03 42 33 0D 02 11 52 50 46 46 46 46 46 46 46 46 46 46 46 46 03 46 42 0D
03月26日 15:23:49.031 RCV U0A P1 -> S08 02 11 52 50 03 42 33 0D
03月26日 15:23:49.031 RCV U0A P1 -> S08 02 11 52 50 46 46 46 46 46 46 46 46 46 46 46 46 03 46 42 0D
03月26日 15:23:49.031 [U0A P1]占有権解放 S08
03月26日 15:23:49.062 [U0A P1]占有権取得 S08
03月26日 15:23:49.218 [U0A P1]占有権要求 S08
03月26日 15:23:49.484 [U0A P1]SND 08 02 11 57 4D 31 31 31 31 03 37 39 0D
03月26日 15:23:50.093 [U0A P1]RCV 02 11 57 4D 31 31 31 31 03 37 39 0D 02 11 06 03 31 37 46
03月26日 15:23:50.093 RCV U0A P1 -> S08 02 11 57 4D 31 31 31 31 03 37 39 0D
03月26日 15:23:50.093 RCV U0A P1 -> S08 02 11 06 03 31 37 46
03月26日 15:23:50.093 [U0A P1]占有権解放 S08
03月26日 15:23:50.093 [U0A P1]占有権要求 S08
03月26日 15:23:50.171 [U0A P1]占有権取得 S08
03月26日 15:23:50.453 [U0A P1]SND 08 02 11 52 4D 03 42 30 0D
03月26日 15:23:51.015 [U0A P1]RCV 02 11 52 4D 03 42 30 0D 02 11 52 4D 31 31 31 31 03 37 34 0D
03月26日 15:23:51.015 RCV U0A P1 -> S08 02 11 52 4D 03 42 30 0D
03月26日 15:23:51.015 RCV U0A P1 -> S08 02 11 52 4D 31 31 31 31 03 37 34 0D
03月26日 15:23:51.015 [U0A P1]占有権解放 S08
03月26日 15:23:51.015 [U0A P1]占有権要求 S08
03月26日 15:23:51.078 [U0A P1]占有権取得 S08
03月26日 15:23:51.328 [U0A P1]SND 08 02 11 52 52 03 42 35 0D
03月26日 15:23:52.046 [U0A P1]RCV 02 11 52 52 03 42 35 0D 02 11 52 52 00 46 38 33 00 46 38 33 00 46 38 33 00 46 38 33 03 37 39 0D
03月26日 15:23:52.062 RCV U0A P1 -> S08 02 11 52 52 03 42 35 0D
03月26日 15:23:52.062 RCV U0A P1 -> S08 02 11 52 52 00 46 38 33 00 46 38 33 00 46 38 33 00 46 38 33 03 37 39 0D
03月26日 15:23:52.062 [U0A P1]占有権解放 S08
03月26日 15:23:52.062 [U0A P1]占有権要求 S08
03月26日 15:23:52.125 [U0A P1]占有権取得 S08
03月26日 15:23:52.515 [U0A P1]SND 08 02 11 52 58 03 42 42 0D
03月26日 15:23:53.046 [U0A P1]RCV 02 11 52 58 03 42 42 0D 02 11 52 58 35 30 30 46 46 46 35 30 30 46 46 46 35 30 30 46 46 46 35 30 30 46 46 46 03 35 37 0D
03月26日 15:23:53.062 RCV U0A P1 -> S08 02 11 52 58 03 42 42 0D
03月26日 15:23:53.062 RCV U0A P1 -> S08 02 11 52 58 35 30 30 46 46 46 35 30 30 46 46 46 35 30 30 46 46 46 35 30 30 46 46 46 03 35 37 0D
03月26日 15:23:53.062 [U0A P1]占有権解放 S08
03月26日 15:23:53.062 [U0A P1]占有権要求 S08
03月26日 15:23:53.156 [U0A P1]占有権取得 S08
03月26日 15:23:53.515 [U0A P1]SND 08 02 11 57 42 30 30 30 30 30 30 30 30 30 2D 30 30 30 30 30 30 30 30 30 30 30 30 2D 30 30 30 30 30 30 30 30 30 30 30 30 2D 30 30 30 30 30 30 30 30 30 30 30 30 2D 30 30 30 03 35 45 0D
03月26日 15:23:54.078 [U0A P1]RCV 02 11 57 42 30 30 30 30 30 30 30 30 30 2D 30 30 30 30 30 30 30 30 30 30 30 30 2D 30 30 30 30 30 30 30 30 30 30 30 30 2D 30 30 30 30 30 30 30 30 30 30 30 30 2D 30 30 30 03 35 45 0D 02 11 06 03 31 37 39
03月26日 15:23:54.109 RCV U0A P1 -> S08 02 11 57 42 30 30 30 30 30 30 30 30 30 2D 30 30 30 30 30 30 30 30 30 30 30 30 2D 30 30 30 30 30 30 30 30 30 30 30 30 2D 30 30 30 30 30 30 30 30 30 30 30 30 2D 30 30 30 03 35 45 0D
03月26日 15:23:54.109 RCV U0A P1 -> S08 02 11 06 03 31 37 39
03月26日 15:23:54.109 [U0A P1]占有権解放 S08
03月26日 15:23:54.125 [U0A P1]占有権要求 S08
03月26日 15:23:54.171 [U0A P1]占有権取得 S08
03月26日 15:23:54.468 [U0A P1]SND 08 02 11 52 42 03 41 35 0D
03月26日 15:23:55.078 [U0A P1]RCV 02 11 52 42 03 41 35 0D 02 11 52 42 30 30 30 30 30 30 30 30 30 2D 30 30 30 30 30 30 30 30 30 30 30 30 2D 30 30 30 30 30 30 30 30 30 30 30 30 2D 30 30 30 30 30 30 30 30 30 30 30 30 2D 30 30 30 03 35 39 0D
03月26日 15:23:55.078 RCV U0A P1 -> S08 02 11 52 42 03 41 35 0D
03月26日 15:23:55.078 RCV U0A P1 -> S08 02 11 52 42 30 30 30 30 30 30 30 30 30 2D 30 30 30 30 30 30 30 30 30 30 30 30 2D 30 30 30 30 30 30 30 30 30 30 30 30 2D 30 30 30 30 30 30 30 30 30 30 30 30 2D 30 30 30 03 35 39 0D
03月26日 15:23:55.078 [U0A P1]占有権解放 S08
03月26日 15:23:55.078 [U0A P1]占有権要求 S08
03月26日 15:23:55.093 [U0A P1]占有権取得 S08
03月26日 15:23:55.890 [U0A P1]SND 08 02 11 57 53 30 30 30 30 30 30 30 30 30 30 30 30 03 46 42 0D
03月26日 15:23:56.578 [U0A P1]RCV 02 11 57 53 30 30 30 30 30 30 30 30 30 30 30 30 03 46 42 0D 02 11 06 03 31 37 30
03月26日 15:23:56.578 RCV U0A P1 -> S08 02 11 57 53 30 30 30 30 30 30 30 30 30 30 30 30 03 46 42 0D
03月26日 15:23:56.578 RCV U0A P1 -> S08 02 11 06 03 31 37 30
03月26日 15:23:56.578 [U0A P1]占有権解放 S08
03月26日 15:23:56.578 [U0A P1]占有権要求 S08
03月26日 15:23:56.609 [U0A P1]占有権取得 S08
03月26日 15:23:57.046 [U0A P1]SND 08 02 11 52 53 03 42 36 0D
03月26日 15:23:57.546 [U0A P1]RCV 02 11 52 53 03 42 36 0D 02 11 52 53 31 30 30 32 30 30 33 30 30 34 30 30 03 30 30 0D
03月26日 15:23:57.562 RCV U0A P1 -> S08 02 11 52 53 03 42 36 0D
03月26日 15:23:57.562 RCV U0A P1 -> S08 02 11 52 53 31 30 30 32 30 30 33 30 30 34 30 30 03 30 30 0D
03月26日 15:23:57.562 [U0A P1]占有権解放 S08
03月26日 15:23:57.562 [U0A P1]占有権要求 S08
03月26日 15:23:57.625 [U0A P1]占有権取得 S08
03月26日 15:23:57.921 [U0A P1]SND 08 02 11 57 25 30 30 30 30 30 30 30 30 30 30 30 30 30 30 30 30 30 30 30 30 30 30 30 30 03 30 44 0D
03月26日 15:23:58.453 [U0A P1]RCV 02 11 57 25 30 30 30 30 30 30 30 30 30 30 30 30 30 30 30 30 30 30 30 30 30 30 30 30 03 30 44 0D 02 11 06 03 31 37 30
03月26日 15:23:58.453 RCV U0A P1 -> S08 02 11 57 25 30 30 30 30 30 30 30 30 30 30 30 30 30 30 30 30 30 30 30 30 30 30 30 30 03 30 44 0D
03月26日 15:23:58.453 RCV U0A P1 -> S08 02 11 06 03 31 37 30
03月26日 15:23:58.453 [U0A P1]占有権解放 S08
03月26日 15:23:58.453 [U0A P1]占有権要求 S08
03月26日 15:23:58.531 [U0A P1]占有権取得 S08
03月26日 15:23:58.906 [U0A P1]SND 08 02 11 52 25 03 38 38 0D
03月26日 15:24:01.078 [U0A P1]占有権要求 S08
03月26日 15:24:01.343 [U0A P1]SND 08 02 11 52 25 03 38 38 0D
03月26日 15:24:02.078 [U0A P1]RCV 02 11 52 25 03 38 38 0D 02 11 52 25 32 30 30 31 30 30 32 30 30 31 30 30 32 30 30 31 30 30 32 30 30 31 30 30 03 31 34 0D
03月26日 15:24:02.093 RCV U0A P1 -> S08 02 11 52 25 03 38 38 0D
03月26日 15:24:02.093 RCV U0A P1 -> S08 02 11 52 25 32 30 30 31 30 30 32 30 30 31 30 30 32 30 30 31 30 30 32 30 30 31 30 30 03 31 34 0D
03月26日 15:24:02.093 [U0A P1]占有権解放 S08
03月26日 15:24:02.093 [U0A P1]占有権要求 S08
03月26日 15:24:02.140 [U0A P1]占有権取得 S08
03月26日 15:24:02.500 [U0A P1]SND 08 02 11 57 50 30 30 30 30 30 30 30 30 30 30 30 30 03 46 38 0D
03月26日 15:24:03.078 [U0A P1]RCV 02 11 57 50 30 30 30 30 30 30 30 30 30 30 30 30 03 46 38 0D 02 11 06 03 31 37 30
03月26日 15:24:03.078 RCV U0A P1 -> S08 02 11 57 50 30 30 30 30 30 30 30 30 30 30 30 30 03 46 38 0D
03月26日 15:24:03.078 RCV U0A P1 -> S08 02 11 06 03 31 37 30
03月26日 15:24:03.078 [U0A P1]占有権解放 S08
03月26日 15:24:03.078 [U0A P1]占有権要求 S08
03月26日 15:24:03.140 [U0A P1]占有権取得 S08
03月26日 15:24:03.484 [U0A P1]SND 08 02 11 52 50 03 42 33 0D
03月26日 15:24:04.093 [U0A P1]RCV 02 11 52 50 03 42 33 0D 02 11 52 50 46 46 46 46 46 46 46 46 46 46 46 46 03 46 42 0D
03月26日 15:24:04.093 RCV U0A P1 -> S08 02 11 52 50 03 42 33 0D
03月26日 15:24:04.093 RCV U0A P1 -> S08 02 11 52 50 46 46 46 46 46 46 46 46 46 46 46 46 03 46 42 0D
03月26日 15:24:04.093 [U0A P1]占有権解放 S08
03月26日 15:24:04.171 [U0A P1]占有権取得 S08
03月26日 15:24:04.296 [U0A P1]占有権要求 S08
03月26日 15:24:04.546 [U0A P1]SND 08 02 11 57 4D 31 31 31 31 03 37 39 0D
03月26日 15:24:05.281 [U0A P1]RCV 02 11 57 4D 31 31 31 31 03 37 39 0D 02 11 06 03 31 37 46
03月26日 15:24:05.281 RCV U0A P1 -> S08 02 11 57 4D 31 31 31 31 03 37 39 0D
03月26日 15:24:05.281 RCV U0A P1 -> S08 02 11 06 03 31 37 46
03月26日 15:24:05.281 [U0A P1]占有権解放 S08
03月26日 15:24:05.281 [U0A P1]占有権要求 S08
03月26日 15:24:05.390 [U0A P1]占有権取得 S08
03月26日 15:24:05.796 [U0A P1]SND 08 02 11 52 4D 03 42 30 0D
03月26日 15:24:06.296 [U0A P1]RCV 02 11 52 4D 03 42 30 0D 02 11 52 4D 31 31 31 31 03 37 34 0D
03月26日 15:24:06.296 RCV U0A P1 -> S08 02 11 52 4D 03 42 30 0D
03月26日 15:24:06.296 RCV U0A P1 -> S08 02 11 52 4D 31 31 31 31 03 37 34 0D
03月26日 15:24:06.296 [U0A P1]占有権解放 S08
03月26日 15:24:06.296 [U0A P1]占有権要求 S08
03月26日 15:24:06.406 [U0A P1]占有権取得 S08
03月26日 15:24:06.703 [U0A P1]SND 08 02 11 52 52 03 42 35 0D
03月26日 15:24:07.250 [U0A P1]RCV 02 11 52 4D 03 42 30 0D 02 11 52 4D 31 31 31 31 03 37 34 0D
03月26日 15:24:07.250 RCV U0A P1 -> S08 02 11 52 4D 03 42 30 0D
03月26日 15:24:08.343 [U0A P1]RCV S08 02 11 52 4D 31 31 31 31 03 37 34 0D
03月26日 15:24:08.343 [U0A P1]占有権要求 S08
03月26日 15:24:08.656 [U0A P1]SND 08 02 11 52 52 03 42 35 0D
03月26日 15:24:09.375 [U0A P1]RCV 02 11 52 52 03 42 35 0D 02 11 52 52 00 46 38 33 00 46 38 33 00 46 38 33 00 46 38 33 03 37 39 0D
03月26日 15:24:09.375 RCV U0A P1 -> S08 02 11 52 52 03 42 35 0D
03月26日 15:24:09.375 RCV U0A P1 -> S08 02 11 52 52 00 46 38 33 00 46 38 33 00 46 38 33 00 46 38 33 03 37 39 0D
03月26日 15:24:09.375 [U0A P1]占有権解放 S08
03月26日 15:24:09.375 [U0A P1]占有権要求 S08
03月26日 15:24:09.437 [U0A P1]占有権取得 S08
03月26日 15:24:09.781 [U0A P1]SND 08 02 11 52 58 03 42 42 0D
03月26日 15:24:10.218 [U0A P1]RCV 02 11 52 52 03 42 35 0D 02 11 52 52 00 46 38 33 00 46 38 33 00 46 38 33 00 46 38 33 03 37 39 0D
03月26日 15:24:10.234 RCV U0A P1 -> S08 02 11 52 52 03 42 35 0D
03月26日 15:24:11.312 [U0A P1]RCV S08 02 11 52 52 00 46 38 33 00 46 38 33 00 46 38 33 00 46 38 33 03 37 39 0D
03月26日 15:24:11.312 [U0A P1]占有権要求 S08
03月26日 15:24:11.718 [U0A P1]SND 08 02 11 52 58 03 42 42 0D
03月26日 15:24:12.312 [U0A P1]RCV 02 11 52 58 03 42 42 0D 02 11 52 58 35 30 30 46 46 46 35 30 30 46 46 46 35 30 30 46 46 46 35 30 30 46 46 46 03 35 37 0D
03月26日 15:24:12.312 RCV U0A P1 -> S08 02 11 52 58 03 42 42 0D
03月26日 15:24:12.312 RCV U0A P1 -> S08 02 11 52 58 35 30 30 46 46 46 35 30 30 46 46 46 35 30 30 46 46 46 35 30 30 46 46 46 03 35 37 0D
03月26日 15:24:12.312 [U0A P1]占有権解放 S08
03月26日 15:24:12.312 [U0A P1]占有権要求 S08
03月26日 15:24:12.390 [U0A P1]占有権取得 S08
03月26日 15:24:12.718 [U0A P1]SND 08 02 11 57 42 31 30 30 32 32 32 30 33 33 2D 31 30 30 34 34 30 30 34 34 30 34 34 2D 31 30 30 35 35 30 30 35 35 30 35 35 2D 31 30 30 30 30 30 30 30 30 30 30 30 2D 30 30 30 03 41 34 0D
03月26日 15:24:14.890 [U0A P1]占有権要求 S08
03月26日 15:24:15.140 [U0A P1]SND 08 02 11 57 42 31 30 30 32 32 32 30 33 33 2D 31 30 30 34 34 30 30 34 34 30 34 34 2D 31 30 30 35 35 30 30 35 35 30 35 35 2D 31 30 30 30 30 30 30 30 30 30 30 30 2D 30 30 30 03 41 34 0D
03月26日 15:24:17.312 [U0A P1]占有権要求 S08
03月26日 15:24:17.625 [U0A P1]SND 08 02 11 57 42 31 30 30 32 32 32 30 33 33 2D 31 30 30 34 34 30 30 34 34 30 34 34 2D 31 30 30 35 35 30 30 35 35 30 35 35 2D 31 30 30 30 30 30 30 30 30 30 30 30 2D 30 30 30 03 41 34 0D
03月26日 15:24:19.796 [U0A P1]占有権要求 S08
03月26日 15:24:20.093 [U0A P1]SND 08 02 11 57 42 31 30 30 32 32 32 30 33 33 2D 31 30 30 34 34 30 30 34 34 30 34 34 2D 31 30 30 35 35 30 30 35 35 30 35 35 2D 31 30 30 30 30 30 30 30 30 30 30 30 2D 30 30 30 03 41 34 0D
03月26日 15:24:22.265 [U0A P1]占有権要求 S08
03月26日 15:24:22.562 [U0A P1]SND 08 02 11 57 42 31 30 30 32 32 32 30 33 33 2D 31 30 30 34 34 30 30 34 34 30 34 34 2D 31 30 30 35 35 30 30 35 35 30 35 35 2D 31 30 30 30 30 30 30 30 30 30 30 30 2D 30 30 30 03 41 34 0D
03月26日 15:24:24.734 [U0A P1]占有権要求 S08
03月26日 15:24:25.046 [U0A P1]SND 08 02 11 57 42 31 30 30 32 32 32 30 33 33 2D 31 30 30 34 34 30 30 34 34 30 34 34 2D 31 30 30 35 35 30 30 35 35 30 35 35 2D 31 30 30 30 30 30 30 30 30 30 30 30 2D 30 30 30 03 41 34 0D
03月26日 15:24:27.218 [U0A P1]占有権解放 S08
03月26日 15:24:27.234 [U0A P1]占有権取得 S08
